{"numFailedTestSuites":9,"numFailedTests":66,"numPassedTestSuites":0,"numPassedTests":34,"numPendingTestSuites":0,"numPendingTests":0,"numRuntimeErrorTestSuites":0,"numTodoTests":0,"numTotalTestSuites":9,"numTotalTests":100,"openHandles":[],"snapshot":{"added":0,"didUpdate":false,"failure":false,"filesAdded":0,"filesRemoved":0,"filesRemovedList":[],"filesUnmatched":0,"filesUpdated":0,"matched":0,"total":0,"unchecked":0,"uncheckedKeysByFile":[],"unmatched":0,"updated":0},"startTime":1750340317966,"success":false,"testResults":[{"assertionResults":[{"ancestorTitles":["Attendance Management Endpoints","POST /api/v1/attendance/clock"],"duration":5448,"failureDetails":[],"failureMessages":[],"fullName":"Attendance Management Endpoints POST /api/v1/attendance/clock should record attendance with valid data","invocations":1,"location":null,"numPassingAsserts":4,"retryReasons":[],"status":"passed","title":"should record attendance with valid data"},{"ancestorTitles":["Attendance Management Endpoints","POST /api/v1/attendance/clock"],"duration":192,"failureDetails":[],"failureMessages":[],"fullName":"Attendance Management Endpoints POST /api/v1/attendance/clock should handle duplicate records (idempotency)","invocations":1,"location":null,"numPassingAsserts":3,"retryReasons":[],"status":"passed","title":"should handle duplicate records (idempotency)"},{"ancestorTitles":["Attendance Management Endpoints","POST /api/v1/attendance/clock"],"duration":184,"failureDetails":[],"failureMessages":[],"fullName":"Attendance Management Endpoints POST /api/v1/attendance/clock should fail with missing required fields","invocations":1,"location":null,"numPassingAsserts":3,"retryReasons":[],"status":"passed","title":"should fail with missing required fields"},{"ancestorTitles":["Attendance Management Endpoints","POST /api/v1/attendance/clock"],"duration":165,"failureDetails":[],"failureMessages":[],"fullName":"Attendance Management Endpoints POST /api/v1/attendance/clock should fail with invalid status","invocations":1,"location":null,"numPassingAsserts":3,"retryReasons":[],"status":"passed","title":"should fail with invalid status"},{"ancestorTitles":["Attendance Management Endpoints","POST /api/v1/attendance/clock"],"duration":169,"failureDetails":[],"failureMessages":[],"fullName":"Attendance Management Endpoints POST /api/v1/attendance/clock should fail with invalid timestamp","invocations":1,"location":null,"numPassingAsserts":3,"retryReasons":[],"status":"passed","title":"should fail with invalid timestamp"},{"ancestorTitles":["Attendance Management Endpoints","POST /api/v1/attendance/clock"],"duration":167,"failureDetails":[{"matcherResult":{"actual":200,"expected":400,"message":"\u001b[2mexpect(\u001b[22m\u001b[31mreceived\u001b[39m\u001b[2m).\u001b[22mtoBe\u001b[2m(\u001b[22m\u001b[32mexpected\u001b[39m\u001b[2m) // Object.is equality\u001b[22m\n\nExpected: \u001b[32m400\u001b[39m\nReceived: \u001b[31m200\u001b[39m","name":"toBe","pass":false}}],"failureMessages":["Error: \u001b[2mexpect(\u001b[22m\u001b[31mreceived\u001b[39m\u001b[2m).\u001b[22mtoBe\u001b[2m(\u001b[22m\u001b[32mexpected\u001b[39m\u001b[2m) // Object.is equality\u001b[22m\n\nExpected: \u001b[32m400\u001b[39m\nReceived: \u001b[31m200\u001b[39m\n    at Object.toBe (C:\\Users\\user\\OneDrive\\Desktop\\Projects\\AttendanceAPI\\tests\\attendance.test.js:139:31)\n    at processTicksAndRejections (node:internal/process/task_queues:105:5)"],"fullName":"Attendance Management Endpoints POST /api/v1/attendance/clock should fail with invalid coordinates","invocations":1,"location":null,"numPassingAsserts":0,"retryReasons":[],"status":"failed","title":"should fail with invalid coordinates"},{"ancestorTitles":["Attendance Management Endpoints","POST /api/v1/attendance/clock"],"duration":158,"failureDetails":[{"matcherResult":{"actual":200,"expected":401,"message":"\u001b[2mexpect(\u001b[22m\u001b[31mreceived\u001b[39m\u001b[2m).\u001b[22mtoBe\u001b[2m(\u001b[22m\u001b[32mexpected\u001b[39m\u001b[2m) // Object.is equality\u001b[22m\n\nExpected: \u001b[32m401\u001b[39m\nReceived: \u001b[31m200\u001b[39m","name":"toBe","pass":false}}],"failureMessages":["Error: \u001b[2mexpect(\u001b[22m\u001b[31mreceived\u001b[39m\u001b[2m).\u001b[22mtoBe\u001b[2m(\u001b[22m\u001b[32mexpected\u001b[39m\u001b[2m) // Object.is equality\u001b[22m\n\nExpected: \u001b[32m401\u001b[39m\nReceived: \u001b[31m200\u001b[39m\n    at Object.toBe (C:\\Users\\user\\OneDrive\\Desktop\\Projects\\AttendanceAPI\\tests\\attendance.test.js:152:31)\n    at processTicksAndRejections (node:internal/process/task_queues:105:5)"],"fullName":"Attendance Management Endpoints POST /api/v1/attendance/clock should fail without authentication token","invocations":1,"location":null,"numPassingAsserts":0,"retryReasons":[],"status":"failed","title":"should fail without authentication token"},{"ancestorTitles":["Attendance Management Endpoints","POST /api/v1/attendance/batch"],"duration":9626,"failureDetails":[],"failureMessages":[],"fullName":"Attendance Management Endpoints POST /api/v1/attendance/batch should process batch attendance records","invocations":1,"location":null,"numPassingAsserts":7,"retryReasons":[],"status":"passed","title":"should process batch attendance records"},{"ancestorTitles":["Attendance Management Endpoints","POST /api/v1/attendance/batch"],"duration":156,"failureDetails":[],"failureMessages":[],"fullName":"Attendance Management Endpoints POST /api/v1/attendance/batch should fail with empty records array","invocations":1,"location":null,"numPassingAsserts":3,"retryReasons":[],"status":"passed","title":"should fail with empty records array"},{"ancestorTitles":["Attendance Management Endpoints","POST /api/v1/attendance/batch"],"duration":200,"failureDetails":[],"failureMessages":[],"fullName":"Attendance Management Endpoints POST /api/v1/attendance/batch should fail with too many records","invocations":1,"location":null,"numPassingAsserts":3,"retryReasons":[],"status":"passed","title":"should fail with too many records"},{"ancestorTitles":["Attendance Management Endpoints","POST /api/v1/attendance/batch"],"duration":174,"failureDetails":[{"matcherResult":{"message":"\u001b[2mexpect(\u001b[22m\u001b[31mreceived\u001b[39m\u001b[2m).\u001b[22mtoBeGreaterThan\u001b[2m(\u001b[22m\u001b[32mexpected\u001b[39m\u001b[2m)\u001b[22m\n\nExpected: > \u001b[32m0\u001b[39m\nReceived:   \u001b[31m0\u001b[39m","pass":false}}],"failureMessages":["Error: \u001b[2mexpect(\u001b[22m\u001b[31mreceived\u001b[39m\u001b[2m).\u001b[22mtoBeGreaterThan\u001b[2m(\u001b[22m\u001b[32mexpected\u001b[39m\u001b[2m)\u001b[22m\n\nExpected: > \u001b[32m0\u001b[39m\nReceived:   \u001b[31m0\u001b[39m\n    at Object.toBeGreaterThan (C:\\Users\\user\\OneDrive\\Desktop\\Projects\\AttendanceAPI\\tests\\attendance.test.js:251:49)\n    at processTicksAndRejections (node:internal/process/task_queues:105:5)"],"fullName":"Attendance Management Endpoints POST /api/v1/attendance/batch should handle offline sync mode","invocations":1,"location":null,"numPassingAsserts":2,"retryReasons":[],"status":"failed","title":"should handle offline sync mode"},{"ancestorTitles":["Attendance Management Endpoints","GET /api/v1/attendance/status/:record_id"],"duration":196,"failureDetails":[{"matcherResult":{"message":"\u001b[2mexpect(\u001b[22m\u001b[31mreceived\u001b[39m\u001b[2m).\u001b[22mtoHaveProperty\u001b[2m(\u001b[22m\u001b[32mpath\u001b[39m\u001b[2m)\u001b[22m\n\nExpected path: \u001b[32m\"record_id\"\u001b[39m\nReceived path: \u001b[31m[]\u001b[39m\n\nReceived value: \u001b[31m{\"batch_id\": null, \"created_at\": \"2025-06-19 12:58:09\", \"is_synced\": false, \"queue_status\": {\"error_message\": null, \"last_retry\": null, \"queue_id\": 15, \"retry_count\": 0, \"synced\": false}, \"record_data\": {\"device_id\": \"test_device_1\", \"employee_id\": \"EMP001\", \"record_id\": \"status_test_record\", \"status\": \"clock-in\", \"timestamp\": \"2025-06-19T12:58:05.087Z\"}, \"record_hash\": \"status_test_record\", \"synced_at\": null}\u001b[39m","pass":false}}],"failureMessages":["Error: \u001b[2mexpect(\u001b[22m\u001b[31mreceived\u001b[39m\u001b[2m).\u001b[22mtoHaveProperty\u001b[2m(\u001b[22m\u001b[32mpath\u001b[39m\u001b[2m)\u001b[22m\n\nExpected path: \u001b[32m\"record_id\"\u001b[39m\nReceived path: \u001b[31m[]\u001b[39m\n\nReceived value: \u001b[31m{\"batch_id\": null, \"created_at\": \"2025-06-19 12:58:09\", \"is_synced\": false, \"queue_status\": {\"error_message\": null, \"last_retry\": null, \"queue_id\": 15, \"retry_count\": 0, \"synced\": false}, \"record_data\": {\"device_id\": \"test_device_1\", \"employee_id\": \"EMP001\", \"record_id\": \"status_test_record\", \"status\": \"clock-in\", \"timestamp\": \"2025-06-19T12:58:05.087Z\"}, \"record_hash\": \"status_test_record\", \"synced_at\": null}\u001b[39m\n    at Object.toHaveProperty (C:\\Users\\user\\OneDrive\\Desktop\\Projects\\AttendanceAPI\\tests\\attendance.test.js:280:34)\n    at processTicksAndRejections (node:internal/process/task_queues:105:5)"],"fullName":"Attendance Management Endpoints GET /api/v1/attendance/status/:record_id should get record status for existing record","invocations":1,"location":null,"numPassingAsserts":2,"retryReasons":[],"status":"failed","title":"should get record status for existing record"},{"ancestorTitles":["Attendance Management Endpoints","GET /api/v1/attendance/status/:record_id"],"duration":152,"failureDetails":[],"failureMessages":[],"fullName":"Attendance Management Endpoints GET /api/v1/attendance/status/:record_id should return 404 for non-existent record","invocations":1,"location":null,"numPassingAsserts":3,"retryReasons":[],"status":"passed","title":"should return 404 for non-existent record"},{"ancestorTitles":["Attendance Management Endpoints","GET /api/v1/attendance/pending"],"duration":160,"failureDetails":[],"failureMessages":[],"fullName":"Attendance Management Endpoints GET /api/v1/attendance/pending should get pending attendance records","invocations":1,"location":null,"numPassingAsserts":5,"retryReasons":[],"status":"passed","title":"should get pending attendance records"}],"endTime":1750340337143,"message":"\u001b[1m\u001b[31m  \u001b[1m● \u001b[22m\u001b[1mAttendance Management Endpoints › POST /api/v1/attendance/clock › should fail with invalid coordinates\u001b[39m\u001b[22m\n\n    \u001b[2mexpect(\u001b[22m\u001b[31mreceived\u001b[39m\u001b[2m).\u001b[22mtoBe\u001b[2m(\u001b[22m\u001b[32mexpected\u001b[39m\u001b[2m) // Object.is equality\u001b[22m\n\n    Expected: \u001b[32m400\u001b[39m\n    Received: \u001b[31m200\u001b[39m\n\u001b[2m\u001b[22m\n\u001b[2m    \u001b[0m \u001b[90m 137 |\u001b[39m         \u001b[33m.\u001b[39msend(invalidData)\u001b[33m;\u001b[39m\u001b[22m\n\u001b[2m     \u001b[90m 138 |\u001b[39m\u001b[22m\n\u001b[2m    \u001b[31m\u001b[1m>\u001b[22m\u001b[2m\u001b[39m\u001b[90m 139 |\u001b[39m       expect(response\u001b[33m.\u001b[39mstatus)\u001b[33m.\u001b[39mtoBe(\u001b[35m400\u001b[39m)\u001b[33m;\u001b[39m\u001b[22m\n\u001b[2m     \u001b[90m     |\u001b[39m                               \u001b[31m\u001b[1m^\u001b[22m\u001b[2m\u001b[39m\u001b[22m\n\u001b[2m     \u001b[90m 140 |\u001b[39m       expect(response\u001b[33m.\u001b[39mbody\u001b[33m.\u001b[39mstatus)\u001b[33m.\u001b[39mtoBe(\u001b[32m'error'\u001b[39m)\u001b[33m;\u001b[39m\u001b[22m\n\u001b[2m     \u001b[90m 141 |\u001b[39m       expect(response\u001b[33m.\u001b[39mbody\u001b[33m.\u001b[39merror_type \u001b[33m||\u001b[39m response\u001b[33m.\u001b[39mbody\u001b[33m.\u001b[39merror_code)\u001b[33m.\u001b[39mtoBe(\u001b[32m'VALIDATION_ERROR'\u001b[39m)\u001b[33m;\u001b[39m\u001b[22m\n\u001b[2m     \u001b[90m 142 |\u001b[39m       \u001b[36mif\u001b[39m (process\u001b[33m.\u001b[39menv\u001b[33m.\u001b[39m\u001b[33mNODE_ENV\u001b[39m \u001b[33m===\u001b[39m \u001b[32m'development'\u001b[39m) {\u001b[0m\u001b[22m\n\u001b[2m\u001b[22m\n\u001b[2m      \u001b[2mat Object.toBe (\u001b[22m\u001b[2m\u001b[0m\u001b[36mtests/attendance.test.js\u001b[39m\u001b[0m\u001b[2m:139:31)\u001b[22m\u001b[2m\u001b[22m\n\n\u001b[1m\u001b[31m  \u001b[1m● \u001b[22m\u001b[1mAttendance Management Endpoints › POST /api/v1/attendance/clock › should fail without authentication token\u001b[39m\u001b[22m\n\n    \u001b[2mexpect(\u001b[22m\u001b[31mreceived\u001b[39m\u001b[2m).\u001b[22mtoBe\u001b[2m(\u001b[22m\u001b[32mexpected\u001b[39m\u001b[2m) // Object.is equality\u001b[22m\n\n    Expected: \u001b[32m401\u001b[39m\n    Received: \u001b[31m200\u001b[39m\n\u001b[2m\u001b[22m\n\u001b[2m    \u001b[0m \u001b[90m 150 |\u001b[39m         \u001b[33m.\u001b[39msend(validAttendanceData)\u001b[33m;\u001b[39m\u001b[22m\n\u001b[2m     \u001b[90m 151 |\u001b[39m\u001b[22m\n\u001b[2m    \u001b[31m\u001b[1m>\u001b[22m\u001b[2m\u001b[39m\u001b[90m 152 |\u001b[39m       expect(response\u001b[33m.\u001b[39mstatus)\u001b[33m.\u001b[39mtoBe(\u001b[35m401\u001b[39m)\u001b[33m;\u001b[39m\u001b[22m\n\u001b[2m     \u001b[90m     |\u001b[39m                               \u001b[31m\u001b[1m^\u001b[22m\u001b[2m\u001b[39m\u001b[22m\n\u001b[2m     \u001b[90m 153 |\u001b[39m     })\u001b[33m;\u001b[39m\u001b[22m\n\u001b[2m     \u001b[90m 154 |\u001b[39m   })\u001b[33m;\u001b[39m\u001b[22m\n\u001b[2m     \u001b[90m 155 |\u001b[39m\u001b[0m\u001b[22m\n\u001b[2m\u001b[22m\n\u001b[2m      \u001b[2mat Object.toBe (\u001b[22m\u001b[2m\u001b[0m\u001b[36mtests/attendance.test.js\u001b[39m\u001b[0m\u001b[2m:152:31)\u001b[22m\u001b[2m\u001b[22m\n\n\u001b[1m\u001b[31m  \u001b[1m● \u001b[22m\u001b[1mAttendance Management Endpoints › POST /api/v1/attendance/batch › should handle offline sync mode\u001b[39m\u001b[22m\n\n    \u001b[2mexpect(\u001b[22m\u001b[31mreceived\u001b[39m\u001b[2m).\u001b[22mtoBeGreaterThan\u001b[2m(\u001b[22m\u001b[32mexpected\u001b[39m\u001b[2m)\u001b[22m\n\n    Expected: > \u001b[32m0\u001b[39m\n    Received:   \u001b[31m0\u001b[39m\n\u001b[2m\u001b[22m\n\u001b[2m    \u001b[0m \u001b[90m 249 |\u001b[39m       expect(response\u001b[33m.\u001b[39mstatus)\u001b[33m.\u001b[39mtoBe(\u001b[35m200\u001b[39m)\u001b[33m;\u001b[39m\u001b[22m\n\u001b[2m     \u001b[90m 250 |\u001b[39m       expect(response\u001b[33m.\u001b[39mbody\u001b[33m.\u001b[39mstatus)\u001b[33m.\u001b[39mtoBe(\u001b[32m'success'\u001b[39m)\u001b[33m;\u001b[39m\u001b[22m\n\u001b[2m    \u001b[31m\u001b[1m>\u001b[22m\u001b[2m\u001b[39m\u001b[90m 251 |\u001b[39m       expect(response\u001b[33m.\u001b[39mbody\u001b[33m.\u001b[39mdata\u001b[33m.\u001b[39msummary\u001b[33m.\u001b[39mqueued)\u001b[33m.\u001b[39mtoBeGreaterThan(\u001b[35m0\u001b[39m)\u001b[33m;\u001b[39m\u001b[22m\n\u001b[2m     \u001b[90m     |\u001b[39m                                                 \u001b[31m\u001b[1m^\u001b[22m\u001b[2m\u001b[39m\u001b[22m\n\u001b[2m     \u001b[90m 252 |\u001b[39m     })\u001b[33m;\u001b[39m\u001b[22m\n\u001b[2m     \u001b[90m 253 |\u001b[39m   })\u001b[33m;\u001b[39m\u001b[22m\n\u001b[2m     \u001b[90m 254 |\u001b[39m\u001b[0m\u001b[22m\n\u001b[2m\u001b[22m\n\u001b[2m      \u001b[2mat Object.toBeGreaterThan (\u001b[22m\u001b[2m\u001b[0m\u001b[36mtests/attendance.test.js\u001b[39m\u001b[0m\u001b[2m:251:49)\u001b[22m\u001b[2m\u001b[22m\n\n\u001b[1m\u001b[31m  \u001b[1m● \u001b[22m\u001b[1mAttendance Management Endpoints › GET /api/v1/attendance/status/:record_id › should get record status for existing record\u001b[39m\u001b[22m\n\n    \u001b[2mexpect(\u001b[22m\u001b[31mreceived\u001b[39m\u001b[2m).\u001b[22mtoHaveProperty\u001b[2m(\u001b[22m\u001b[32mpath\u001b[39m\u001b[2m)\u001b[22m\n\n    Expected path: \u001b[32m\"record_id\"\u001b[39m\n    Received path: \u001b[31m[]\u001b[39m\n\n    Received value: \u001b[31m{\"batch_id\": null, \"created_at\": \"2025-06-19 12:58:09\", \"is_synced\": false, \"queue_status\": {\"error_message\": null, \"last_retry\": null, \"queue_id\": 15, \"retry_count\": 0, \"synced\": false}, \"record_data\": {\"device_id\": \"test_device_1\", \"employee_id\": \"EMP001\", \"record_id\": \"status_test_record\", \"status\": \"clock-in\", \"timestamp\": \"2025-06-19T12:58:05.087Z\"}, \"record_hash\": \"status_test_record\", \"synced_at\": null}\u001b[39m\n\u001b[2m\u001b[22m\n\u001b[2m    \u001b[0m \u001b[90m 278 |\u001b[39m       expect(response\u001b[33m.\u001b[39mstatus)\u001b[33m.\u001b[39mtoBe(\u001b[35m200\u001b[39m)\u001b[33m;\u001b[39m\u001b[22m\n\u001b[2m     \u001b[90m 279 |\u001b[39m       expect(response\u001b[33m.\u001b[39mbody\u001b[33m.\u001b[39mstatus)\u001b[33m.\u001b[39mtoBe(\u001b[32m'success'\u001b[39m)\u001b[33m;\u001b[39m\u001b[22m\n\u001b[2m    \u001b[31m\u001b[1m>\u001b[22m\u001b[2m\u001b[39m\u001b[90m 280 |\u001b[39m       expect(response\u001b[33m.\u001b[39mbody\u001b[33m.\u001b[39mdata)\u001b[33m.\u001b[39mtoHaveProperty(\u001b[32m'record_id'\u001b[39m)\u001b[33m;\u001b[39m\u001b[22m\n\u001b[2m     \u001b[90m     |\u001b[39m                                  \u001b[31m\u001b[1m^\u001b[22m\u001b[2m\u001b[39m\u001b[22m\n\u001b[2m     \u001b[90m 281 |\u001b[39m     })\u001b[33m;\u001b[39m\u001b[22m\n\u001b[2m     \u001b[90m 282 |\u001b[39m\u001b[22m\n\u001b[2m     \u001b[90m 283 |\u001b[39m     it(\u001b[32m'should return 404 for non-existent record'\u001b[39m\u001b[33m,\u001b[39m \u001b[36masync\u001b[39m () \u001b[33m=>\u001b[39m {\u001b[0m\u001b[22m\n\u001b[2m\u001b[22m\n\u001b[2m      \u001b[2mat Object.toHaveProperty (\u001b[22m\u001b[2m\u001b[0m\u001b[36mtests/attendance.test.js\u001b[39m\u001b[0m\u001b[2m:280:34)\u001b[22m\u001b[2m\u001b[22m\n","name":"C:\\Users\\user\\OneDrive\\Desktop\\Projects\\AttendanceAPI\\tests\\attendance.test.js","startTime":1750340318006,"status":"failed","summary":""},{"assertionResults":[{"ancestorTitles":["API Integration Tests","Complete Employee Registration and Attendance Flow"],"duration":2506,"failureDetails":[{"matcherResult":{"actual":500,"expected":200,"message":"\u001b[2mexpect(\u001b[22m\u001b[31mreceived\u001b[39m\u001b[2m).\u001b[22mtoBe\u001b[2m(\u001b[22m\u001b[32mexpected\u001b[39m\u001b[2m) // Object.is equality\u001b[22m\n\nExpected: \u001b[32m200\u001b[39m\nReceived: \u001b[31m500\u001b[39m","name":"toBe","pass":false}}],"failureMessages":["Error: \u001b[2mexpect(\u001b[22m\u001b[31mreceived\u001b[39m\u001b[2m).\u001b[22mtoBe\u001b[2m(\u001b[22m\u001b[32mexpected\u001b[39m\u001b[2m) // Object.is equality\u001b[22m\n\nExpected: \u001b[32m200\u001b[39m\nReceived: \u001b[31m500\u001b[39m\n    at Object.toBe (C:\\Users\\user\\OneDrive\\Desktop\\Projects\\AttendanceAPI\\tests\\integration.test.js:44:39)\n    at processTicksAndRejections (node:internal/process/task_queues:105:5)"],"fullName":"API Integration Tests Complete Employee Registration and Attendance Flow should complete full employee lifecycle","invocations":1,"location":null,"numPassingAsserts":0,"retryReasons":[],"status":"failed","title":"should complete full employee lifecycle"},{"ancestorTitles":["API Integration Tests","Complete Employee Registration and Attendance Flow"],"duration":9437,"failureDetails":[{"matcherResult":{"actual":404,"expected":200,"message":"\u001b[2mexpect(\u001b[22m\u001b[31mreceived\u001b[39m\u001b[2m).\u001b[22mtoBe\u001b[2m(\u001b[22m\u001b[32mexpected\u001b[39m\u001b[2m) // Object.is equality\u001b[22m\n\nExpected: \u001b[32m200\u001b[39m\nReceived: \u001b[31m404\u001b[39m","name":"toBe","pass":false}}],"failureMessages":["Error: \u001b[2mexpect(\u001b[22m\u001b[31mreceived\u001b[39m\u001b[2m).\u001b[22mtoBe\u001b[2m(\u001b[22m\u001b[32mexpected\u001b[39m\u001b[2m) // Object.is equality\u001b[22m\n\nExpected: \u001b[32m200\u001b[39m\nReceived: \u001b[31m404\u001b[39m\n    at Object.toBe (C:\\Users\\user\\OneDrive\\Desktop\\Projects\\AttendanceAPI\\tests\\integration.test.js:123:35)\n    at processTicksAndRejections (node:internal/process/task_queues:105:5)"],"fullName":"API Integration Tests Complete Employee Registration and Attendance Flow should handle batch attendance processing","invocations":1,"location":null,"numPassingAsserts":2,"retryReasons":[],"status":"failed","title":"should handle batch attendance processing"},{"ancestorTitles":["API Integration Tests","Error Handling and Edge Cases"],"duration":169,"failureDetails":[],"failureMessages":[],"fullName":"API Integration Tests Error Handling and Edge Cases should handle invalid authentication gracefully","invocations":1,"location":null,"numPassingAsserts":2,"retryReasons":[],"status":"passed","title":"should handle invalid authentication gracefully"},{"ancestorTitles":["API Integration Tests","Error Handling and Edge Cases"],"duration":154,"failureDetails":[],"failureMessages":[],"fullName":"API Integration Tests Error Handling and Edge Cases should handle malformed requests","invocations":1,"location":null,"numPassingAsserts":1,"retryReasons":[],"status":"passed","title":"should handle malformed requests"},{"ancestorTitles":["API Integration Tests","Error Handling and Edge Cases"],"duration":407,"failureDetails":[],"failureMessages":[],"fullName":"API Integration Tests Error Handling and Edge Cases should handle rate limiting","invocations":1,"location":null,"numPassingAsserts":1,"retryReasons":[],"status":"passed","title":"should handle rate limiting"}],"endTime":1750340350555,"message":"\u001b[1m\u001b[31m  \u001b[1m● \u001b[22m\u001b[1mAPI Integration Tests › Complete Employee Registration and Attendance Flow › should complete full employee lifecycle\u001b[39m\u001b[22m\n\n    \u001b[2mexpect(\u001b[22m\u001b[31mreceived\u001b[39m\u001b[2m).\u001b[22mtoBe\u001b[2m(\u001b[22m\u001b[32mexpected\u001b[39m\u001b[2m) // Object.is equality\u001b[22m\n\n    Expected: \u001b[32m200\u001b[39m\n    Received: \u001b[31m500\u001b[39m\n\u001b[2m\u001b[22m\n\u001b[2m    \u001b[0m \u001b[90m 42 |\u001b[39m         \u001b[33m.\u001b[39msend(employeeData)\u001b[33m;\u001b[39m\u001b[22m\n\u001b[2m     \u001b[90m 43 |\u001b[39m\u001b[22m\n\u001b[2m    \u001b[31m\u001b[1m>\u001b[22m\u001b[2m\u001b[39m\u001b[90m 44 |\u001b[39m       expect(registerResponse\u001b[33m.\u001b[39mstatus)\u001b[33m.\u001b[39mtoBe(\u001b[35m200\u001b[39m)\u001b[33m;\u001b[39m\u001b[22m\n\u001b[2m     \u001b[90m    |\u001b[39m                                       \u001b[31m\u001b[1m^\u001b[22m\u001b[2m\u001b[39m\u001b[22m\n\u001b[2m     \u001b[90m 45 |\u001b[39m       \u001b[36mconst\u001b[39m employeeId \u001b[33m=\u001b[39m registerResponse\u001b[33m.\u001b[39mbody\u001b[33m.\u001b[39memployee_id\u001b[33m;\u001b[39m\u001b[22m\n\u001b[2m     \u001b[90m 46 |\u001b[39m\u001b[22m\n\u001b[2m     \u001b[90m 47 |\u001b[39m       \u001b[90m// 2. Register biometric\u001b[39m\u001b[0m\u001b[22m\n\u001b[2m\u001b[22m\n\u001b[2m      \u001b[2mat Object.toBe (\u001b[22m\u001b[2m\u001b[0m\u001b[36mtests/integration.test.js\u001b[39m\u001b[0m\u001b[2m:44:39)\u001b[22m\u001b[2m\u001b[22m\n\n\u001b[1m\u001b[31m  \u001b[1m● \u001b[22m\u001b[1mAPI Integration Tests › Complete Employee Registration and Attendance Flow › should handle batch attendance processing\u001b[39m\u001b[22m\n\n    \u001b[2mexpect(\u001b[22m\u001b[31mreceived\u001b[39m\u001b[2m).\u001b[22mtoBe\u001b[2m(\u001b[22m\u001b[32mexpected\u001b[39m\u001b[2m) // Object.is equality\u001b[22m\n\n    Expected: \u001b[32m200\u001b[39m\n    Received: \u001b[31m404\u001b[39m\n\u001b[2m\u001b[22m\n\u001b[2m    \u001b[0m \u001b[90m 121 |\u001b[39m         \u001b[33m.\u001b[39m\u001b[36mset\u001b[39m(\u001b[32m'Authorization'\u001b[39m\u001b[33m,\u001b[39m \u001b[32m`Bearer ${validToken}`\u001b[39m)\u001b[33m;\u001b[39m\u001b[22m\n\u001b[2m     \u001b[90m 122 |\u001b[39m\u001b[22m\n\u001b[2m    \u001b[31m\u001b[1m>\u001b[22m\u001b[2m\u001b[39m\u001b[90m 123 |\u001b[39m       expect(syncResponse\u001b[33m.\u001b[39mstatus)\u001b[33m.\u001b[39mtoBe(\u001b[35m200\u001b[39m)\u001b[33m;\u001b[39m\u001b[22m\n\u001b[2m     \u001b[90m     |\u001b[39m                                   \u001b[31m\u001b[1m^\u001b[22m\u001b[2m\u001b[39m\u001b[22m\n\u001b[2m     \u001b[90m 124 |\u001b[39m     })\u001b[33m;\u001b[39m\u001b[22m\n\u001b[2m     \u001b[90m 125 |\u001b[39m   })\u001b[33m;\u001b[39m\u001b[22m\n\u001b[2m     \u001b[90m 126 |\u001b[39m\u001b[0m\u001b[22m\n\u001b[2m\u001b[22m\n\u001b[2m      \u001b[2mat Object.toBe (\u001b[22m\u001b[2m\u001b[0m\u001b[36mtests/integration.test.js\u001b[39m\u001b[0m\u001b[2m:123:35)\u001b[22m\u001b[2m\u001b[22m\n","name":"C:\\Users\\user\\OneDrive\\Desktop\\Projects\\AttendanceAPI\\tests\\integration.test.js","startTime":1750340337160,"status":"failed","summary":""},{"assertionResults":[{"ancestorTitles":["Employee Management Endpoints","GET /api/v1/employees/check-id"],"duration":697,"failureDetails":[],"failureMessages":[],"fullName":"Employee Management Endpoints GET /api/v1/employees/check-id should check if national ID exists","invocations":1,"location":null,"numPassingAsserts":3,"retryReasons":[],"status":"passed","title":"should check if national ID exists"},{"ancestorTitles":["Employee Management Endpoints","GET /api/v1/employees/check-id"],"duration":240,"failureDetails":[],"failureMessages":[],"fullName":"Employee Management Endpoints GET /api/v1/employees/check-id should return validation error for invalid national ID","invocations":1,"location":null,"numPassingAsserts":3,"retryReasons":[],"status":"passed","title":"should return validation error for invalid national ID"},{"ancestorTitles":["Employee Management Endpoints","GET /api/v1/employees/check-id"],"duration":157,"failureDetails":[],"failureMessages":[],"fullName":"Employee Management Endpoints GET /api/v1/employees/check-id should return validation error for missing national ID","invocations":1,"location":null,"numPassingAsserts":3,"retryReasons":[],"status":"passed","title":"should return validation error for missing national ID"},{"ancestorTitles":["Employee Management Endpoints","POST /api/v1/employees/register"],"duration":1232,"failureDetails":[{"matcherResult":{"actual":500,"expected":200,"message":"\u001b[2mexpect(\u001b[22m\u001b[31mreceived\u001b[39m\u001b[2m).\u001b[22mtoBe\u001b[2m(\u001b[22m\u001b[32mexpected\u001b[39m\u001b[2m) // Object.is equality\u001b[22m\n\nExpected: \u001b[32m200\u001b[39m\nReceived: \u001b[31m500\u001b[39m","name":"toBe","pass":false}}],"failureMessages":["Error: \u001b[2mexpect(\u001b[22m\u001b[31mreceived\u001b[39m\u001b[2m).\u001b[22mtoBe\u001b[2m(\u001b[22m\u001b[32mexpected\u001b[39m\u001b[2m) // Object.is equality\u001b[22m\n\nExpected: \u001b[32m200\u001b[39m\nReceived: \u001b[31m500\u001b[39m\n    at Object.toBe (C:\\Users\\user\\OneDrive\\Desktop\\Projects\\AttendanceAPI\\tests\\employees.test.js:83:31)\n    at processTicksAndRejections (node:internal/process/task_queues:105:5)"],"fullName":"Employee Management Endpoints POST /api/v1/employees/register should register a new employee with valid data","invocations":1,"location":null,"numPassingAsserts":0,"retryReasons":[],"status":"failed","title":"should register a new employee with valid data"},{"ancestorTitles":["Employee Management Endpoints","POST /api/v1/employees/register"],"duration":1932,"failureDetails":[{"matcherResult":{"actual":500,"expected":409,"message":"\u001b[2mexpect(\u001b[22m\u001b[31mreceived\u001b[39m\u001b[2m).\u001b[22mtoBe\u001b[2m(\u001b[22m\u001b[32mexpected\u001b[39m\u001b[2m) // Object.is equality\u001b[22m\n\nExpected: \u001b[32m409\u001b[39m\nReceived: \u001b[31m500\u001b[39m","name":"toBe","pass":false}}],"failureMessages":["Error: \u001b[2mexpect(\u001b[22m\u001b[31mreceived\u001b[39m\u001b[2m).\u001b[22mtoBe\u001b[2m(\u001b[22m\u001b[32mexpected\u001b[39m\u001b[2m) // Object.is equality\u001b[22m\n\nExpected: \u001b[32m409\u001b[39m\nReceived: \u001b[31m500\u001b[39m\n    at Object.toBe (C:\\Users\\user\\OneDrive\\Desktop\\Projects\\AttendanceAPI\\tests\\employees.test.js:103:31)\n    at processTicksAndRejections (node:internal/process/task_queues:105:5)"],"fullName":"Employee Management Endpoints POST /api/v1/employees/register should fail with duplicate national ID","invocations":1,"location":null,"numPassingAsserts":0,"retryReasons":[],"status":"failed","title":"should fail with duplicate national ID"},{"ancestorTitles":["Employee Management Endpoints","POST /api/v1/employees/register"],"duration":220,"failureDetails":[],"failureMessages":[],"fullName":"Employee Management Endpoints POST /api/v1/employees/register should fail with missing required fields","invocations":1,"location":null,"numPassingAsserts":3,"retryReasons":[],"status":"passed","title":"should fail with missing required fields"},{"ancestorTitles":["Employee Management Endpoints","POST /api/v1/employees/register"],"duration":249,"failureDetails":[],"failureMessages":[],"fullName":"Employee Management Endpoints POST /api/v1/employees/register should fail with invalid phone number format","invocations":1,"location":null,"numPassingAsserts":3,"retryReasons":[],"status":"passed","title":"should fail with invalid phone number format"},{"ancestorTitles":["Employee Management Endpoints","POST /api/v1/employees/register"],"duration":199,"failureDetails":[],"failureMessages":[],"fullName":"Employee Management Endpoints POST /api/v1/employees/register should fail with invalid national ID format","invocations":1,"location":null,"numPassingAsserts":3,"retryReasons":[],"status":"passed","title":"should fail with invalid national ID format"},{"ancestorTitles":["Employee Management Endpoints","POST /api/v1/employees/register"],"duration":175,"failureDetails":[],"failureMessages":[],"fullName":"Employee Management Endpoints POST /api/v1/employees/register should fail with invalid email format","invocations":1,"location":null,"numPassingAsserts":3,"retryReasons":[],"status":"passed","title":"should fail with invalid email format"},{"ancestorTitles":["Employee Management Endpoints","POST /api/v1/employees/register"],"duration":278,"failureDetails":[],"failureMessages":[],"fullName":"Employee Management Endpoints POST /api/v1/employees/register should fail with invalid status","invocations":1,"location":null,"numPassingAsserts":3,"retryReasons":[],"status":"passed","title":"should fail with invalid status"},{"ancestorTitles":["Employee Management Endpoints","POST /api/v1/employees/register"],"duration":1009,"failureDetails":[{"matcherResult":{"actual":500,"expected":401,"message":"\u001b[2mexpect(\u001b[22m\u001b[31mreceived\u001b[39m\u001b[2m).\u001b[22mtoBe\u001b[2m(\u001b[22m\u001b[32mexpected\u001b[39m\u001b[2m) // Object.is equality\u001b[22m\n\nExpected: \u001b[32m401\u001b[39m\nReceived: \u001b[31m500\u001b[39m","name":"toBe","pass":false}}],"failureMessages":["Error: \u001b[2mexpect(\u001b[22m\u001b[31mreceived\u001b[39m\u001b[2m).\u001b[22mtoBe\u001b[2m(\u001b[22m\u001b[32mexpected\u001b[39m\u001b[2m) // Object.is equality\u001b[22m\n\nExpected: \u001b[32m401\u001b[39m\nReceived: \u001b[31m500\u001b[39m\n    at Object.toBe (C:\\Users\\user\\OneDrive\\Desktop\\Projects\\AttendanceAPI\\tests\\employees.test.js:208:31)\n    at processTicksAndRejections (node:internal/process/task_queues:105:5)"],"fullName":"Employee Management Endpoints POST /api/v1/employees/register should fail without authentication token","invocations":1,"location":null,"numPassingAsserts":0,"retryReasons":[],"status":"failed","title":"should fail without authentication token"}],"endTime":1750340357843,"message":"\u001b[1m\u001b[31m  \u001b[1m● \u001b[22m\u001b[1mEmployee Management Endpoints › POST /api/v1/employees/register › should register a new employee with valid data\u001b[39m\u001b[22m\n\n    \u001b[2mexpect(\u001b[22m\u001b[31mreceived\u001b[39m\u001b[2m).\u001b[22mtoBe\u001b[2m(\u001b[22m\u001b[32mexpected\u001b[39m\u001b[2m) // Object.is equality\u001b[22m\n\n    Expected: \u001b[32m200\u001b[39m\n    Received: \u001b[31m500\u001b[39m\n\u001b[2m\u001b[22m\n\u001b[2m    \u001b[0m \u001b[90m 81 |\u001b[39m         \u001b[33m.\u001b[39msend(validEmployeeData)\u001b[33m;\u001b[39m\u001b[22m\n\u001b[2m     \u001b[90m 82 |\u001b[39m\u001b[22m\n\u001b[2m    \u001b[31m\u001b[1m>\u001b[22m\u001b[2m\u001b[39m\u001b[90m 83 |\u001b[39m       expect(response\u001b[33m.\u001b[39mstatus)\u001b[33m.\u001b[39mtoBe(\u001b[35m200\u001b[39m)\u001b[33m;\u001b[39m\u001b[22m\n\u001b[2m     \u001b[90m    |\u001b[39m                               \u001b[31m\u001b[1m^\u001b[22m\u001b[2m\u001b[39m\u001b[22m\n\u001b[2m     \u001b[90m 84 |\u001b[39m       expect(response\u001b[33m.\u001b[39mbody\u001b[33m.\u001b[39mstatus)\u001b[33m.\u001b[39mtoBe(\u001b[32m'success'\u001b[39m)\u001b[33m;\u001b[39m\u001b[22m\n\u001b[2m     \u001b[90m 85 |\u001b[39m       expect(response\u001b[33m.\u001b[39mbody)\u001b[33m.\u001b[39mtoHaveProperty(\u001b[32m'employee_id'\u001b[39m)\u001b[33m;\u001b[39m\u001b[22m\n\u001b[2m     \u001b[90m 86 |\u001b[39m       expect(response\u001b[33m.\u001b[39mbody)\u001b[33m.\u001b[39mtoHaveProperty(\u001b[32m'employee_name'\u001b[39m)\u001b[33m;\u001b[39m\u001b[0m\u001b[22m\n\u001b[2m\u001b[22m\n\u001b[2m      \u001b[2mat Object.toBe (\u001b[22m\u001b[2m\u001b[0m\u001b[36mtests/employees.test.js\u001b[39m\u001b[0m\u001b[2m:83:31)\u001b[22m\u001b[2m\u001b[22m\n\n\u001b[1m\u001b[31m  \u001b[1m● \u001b[22m\u001b[1mEmployee Management Endpoints › POST /api/v1/employees/register › should fail with duplicate national ID\u001b[39m\u001b[22m\n\n    \u001b[2mexpect(\u001b[22m\u001b[31mreceived\u001b[39m\u001b[2m).\u001b[22mtoBe\u001b[2m(\u001b[22m\u001b[32mexpected\u001b[39m\u001b[2m) // Object.is equality\u001b[22m\n\n    Expected: \u001b[32m409\u001b[39m\n    Received: \u001b[31m500\u001b[39m\n\u001b[2m\u001b[22m\n\u001b[2m    \u001b[0m \u001b[90m 101 |\u001b[39m         \u001b[33m.\u001b[39msend(validEmployeeData)\u001b[33m;\u001b[39m\u001b[22m\n\u001b[2m     \u001b[90m 102 |\u001b[39m\u001b[22m\n\u001b[2m    \u001b[31m\u001b[1m>\u001b[22m\u001b[2m\u001b[39m\u001b[90m 103 |\u001b[39m       expect(response\u001b[33m.\u001b[39mstatus)\u001b[33m.\u001b[39mtoBe(\u001b[35m409\u001b[39m)\u001b[33m;\u001b[39m\u001b[22m\n\u001b[2m     \u001b[90m     |\u001b[39m                               \u001b[31m\u001b[1m^\u001b[22m\u001b[2m\u001b[39m\u001b[22m\n\u001b[2m     \u001b[90m 104 |\u001b[39m       expect(response\u001b[33m.\u001b[39mbody\u001b[33m.\u001b[39mstatus)\u001b[33m.\u001b[39mtoBe(\u001b[32m'error'\u001b[39m)\u001b[33m;\u001b[39m\u001b[22m\n\u001b[2m     \u001b[90m 105 |\u001b[39m       expect(response\u001b[33m.\u001b[39mbody\u001b[33m.\u001b[39merror_type \u001b[33m||\u001b[39m response\u001b[33m.\u001b[39mbody\u001b[33m.\u001b[39merror_code)\u001b[33m.\u001b[39mtoBe(\u001b[32m'DUPLICATE_ID'\u001b[39m)\u001b[33m;\u001b[39m\u001b[22m\n\u001b[2m     \u001b[90m 106 |\u001b[39m     })\u001b[33m;\u001b[39m\u001b[0m\u001b[22m\n\u001b[2m\u001b[22m\n\u001b[2m      \u001b[2mat Object.toBe (\u001b[22m\u001b[2m\u001b[0m\u001b[36mtests/employees.test.js\u001b[39m\u001b[0m\u001b[2m:103:31)\u001b[22m\u001b[2m\u001b[22m\n\n\u001b[1m\u001b[31m  \u001b[1m● \u001b[22m\u001b[1mEmployee Management Endpoints › POST /api/v1/employees/register › should fail without authentication token\u001b[39m\u001b[22m\n\n    \u001b[2mexpect(\u001b[22m\u001b[31mreceived\u001b[39m\u001b[2m).\u001b[22mtoBe\u001b[2m(\u001b[22m\u001b[32mexpected\u001b[39m\u001b[2m) // Object.is equality\u001b[22m\n\n    Expected: \u001b[32m401\u001b[39m\n    Received: \u001b[31m500\u001b[39m\n\u001b[2m\u001b[22m\n\u001b[2m    \u001b[0m \u001b[90m 206 |\u001b[39m         \u001b[33m.\u001b[39msend(validEmployeeData)\u001b[33m;\u001b[39m\u001b[22m\n\u001b[2m     \u001b[90m 207 |\u001b[39m\u001b[22m\n\u001b[2m    \u001b[31m\u001b[1m>\u001b[22m\u001b[2m\u001b[39m\u001b[90m 208 |\u001b[39m       expect(response\u001b[33m.\u001b[39mstatus)\u001b[33m.\u001b[39mtoBe(\u001b[35m401\u001b[39m)\u001b[33m;\u001b[39m\u001b[22m\n\u001b[2m     \u001b[90m     |\u001b[39m                               \u001b[31m\u001b[1m^\u001b[22m\u001b[2m\u001b[39m\u001b[22m\n\u001b[2m     \u001b[90m 209 |\u001b[39m     })\u001b[33m;\u001b[39m\u001b[22m\n\u001b[2m     \u001b[90m 210 |\u001b[39m   })\u001b[33m;\u001b[39m\u001b[22m\n\u001b[2m     \u001b[90m 211 |\u001b[39m })\u001b[33m;\u001b[39m\u001b[0m\u001b[22m\n\u001b[2m\u001b[22m\n\u001b[2m      \u001b[2mat Object.toBe (\u001b[22m\u001b[2m\u001b[0m\u001b[36mtests/employees.test.js\u001b[39m\u001b[0m\u001b[2m:208:31)\u001b[22m\u001b[2m\u001b[22m\n","name":"C:\\Users\\user\\OneDrive\\Desktop\\Projects\\AttendanceAPI\\tests\\employees.test.js","startTime":1750340350565,"status":"failed","summary":""},{"assertionResults":[{"ancestorTitles":["Performance Tests","Response Time Tests"],"duration":22,"failureDetails":[],"failureMessages":[],"fullName":"Performance Tests Response Time Tests should respond to health check within 100ms","invocations":1,"location":null,"numPassingAsserts":2,"retryReasons":[],"status":"passed","title":"should respond to health check within 100ms"},{"ancestorTitles":["Performance Tests","Response Time Tests"],"duration":159,"failureDetails":[],"failureMessages":[],"fullName":"Performance Tests Response Time Tests should respond to auth login within 500ms","invocations":1,"location":null,"numPassingAsserts":2,"retryReasons":[],"status":"passed","title":"should respond to auth login within 500ms"},{"ancestorTitles":["Performance Tests","Response Time Tests"],"duration":21,"failureDetails":[{"matcherResult":{"actual":404,"expected":200,"message":"\u001b[2mexpect(\u001b[22m\u001b[31mreceived\u001b[39m\u001b[2m).\u001b[22mtoBe\u001b[2m(\u001b[22m\u001b[32mexpected\u001b[39m\u001b[2m) // Object.is equality\u001b[22m\n\nExpected: \u001b[32m200\u001b[39m\nReceived: \u001b[31m404\u001b[39m","name":"toBe","pass":false}}],"failureMessages":["Error: \u001b[2mexpect(\u001b[22m\u001b[31mreceived\u001b[39m\u001b[2m).\u001b[22mtoBe\u001b[2m(\u001b[22m\u001b[32mexpected\u001b[39m\u001b[2m) // Object.is equality\u001b[22m\n\nExpected: \u001b[32m200\u001b[39m\nReceived: \u001b[31m404\u001b[39m\n    at Object.toBe (C:\\Users\\user\\OneDrive\\Desktop\\Projects\\AttendanceAPI\\tests\\performance.test.js:62:31)\n    at processTicksAndRejections (node:internal/process/task_queues:105:5)"],"fullName":"Performance Tests Response Time Tests should respond to employee list within 200ms","invocations":1,"location":null,"numPassingAsserts":0,"retryReasons":[],"status":"failed","title":"should respond to employee list within 200ms"},{"ancestorTitles":["Performance Tests","Response Time Tests"],"duration":21,"failureDetails":[{"matcherResult":{"actual":404,"expected":200,"message":"\u001b[2mexpect(\u001b[22m\u001b[31mreceived\u001b[39m\u001b[2m).\u001b[22mtoBe\u001b[2m(\u001b[22m\u001b[32mexpected\u001b[39m\u001b[2m) // Object.is equality\u001b[22m\n\nExpected: \u001b[32m200\u001b[39m\nReceived: \u001b[31m404\u001b[39m","name":"toBe","pass":false}}],"failureMessages":["Error: \u001b[2mexpect(\u001b[22m\u001b[31mreceived\u001b[39m\u001b[2m).\u001b[22mtoBe\u001b[2m(\u001b[22m\u001b[32mexpected\u001b[39m\u001b[2m) // Object.is equality\u001b[22m\n\nExpected: \u001b[32m200\u001b[39m\nReceived: \u001b[31m404\u001b[39m\n    at Object.toBe (C:\\Users\\user\\OneDrive\\Desktop\\Projects\\AttendanceAPI\\tests\\performance.test.js:81:31)\n    at processTicksAndRejections (node:internal/process/task_queues:105:5)"],"fullName":"Performance Tests Response Time Tests should respond to attendance marking within 300ms","invocations":1,"location":null,"numPassingAsserts":0,"retryReasons":[],"status":"failed","title":"should respond to attendance marking within 300ms"},{"ancestorTitles":["Performance Tests","Concurrent Request Tests"],"duration":283,"failureDetails":[{"matcherResult":{"actual":429,"expected":200,"message":"\u001b[2mexpect(\u001b[22m\u001b[31mreceived\u001b[39m\u001b[2m).\u001b[22mtoBe\u001b[2m(\u001b[22m\u001b[32mexpected\u001b[39m\u001b[2m) // Object.is equality\u001b[22m\n\nExpected: \u001b[32m200\u001b[39m\nReceived: \u001b[31m429\u001b[39m","name":"toBe","pass":false}}],"failureMessages":["Error: \u001b[2mexpect(\u001b[22m\u001b[31mreceived\u001b[39m\u001b[2m).\u001b[22mtoBe\u001b[2m(\u001b[22m\u001b[32mexpected\u001b[39m\u001b[2m) // Object.is equality\u001b[22m\n\nExpected: \u001b[32m200\u001b[39m\nReceived: \u001b[31m429\u001b[39m\n    at toBe (C:\\Users\\user\\OneDrive\\Desktop\\Projects\\AttendanceAPI\\tests\\performance.test.js:107:33)\n    at Array.forEach (<anonymous>)\n    at Object.forEach (C:\\Users\\user\\OneDrive\\Desktop\\Projects\\AttendanceAPI\\tests\\performance.test.js:106:17)\n    at processTicksAndRejections (node:internal/process/task_queues:105:5)"],"fullName":"Performance Tests Concurrent Request Tests should handle 10 concurrent authentication requests","invocations":1,"location":null,"numPassingAsserts":4,"retryReasons":[],"status":"failed","title":"should handle 10 concurrent authentication requests"},{"ancestorTitles":["Performance Tests","Concurrent Request Tests"],"duration":409,"failureDetails":[{"matcherResult":{"actual":404,"expected":200,"message":"\u001b[2mexpect(\u001b[22m\u001b[31mreceived\u001b[39m\u001b[2m).\u001b[22mtoBe\u001b[2m(\u001b[22m\u001b[32mexpected\u001b[39m\u001b[2m) // Object.is equality\u001b[22m\n\nExpected: \u001b[32m200\u001b[39m\nReceived: \u001b[31m404\u001b[39m","name":"toBe","pass":false}}],"failureMessages":["Error: \u001b[2mexpect(\u001b[22m\u001b[31mreceived\u001b[39m\u001b[2m).\u001b[22mtoBe\u001b[2m(\u001b[22m\u001b[32mexpected\u001b[39m\u001b[2m) // Object.is equality\u001b[22m\n\nExpected: \u001b[32m200\u001b[39m\nReceived: \u001b[31m404\u001b[39m\n    at toBe (C:\\Users\\user\\OneDrive\\Desktop\\Projects\\AttendanceAPI\\tests\\performance.test.js:131:33)\n    at Array.forEach (<anonymous>)\n    at Object.forEach (C:\\Users\\user\\OneDrive\\Desktop\\Projects\\AttendanceAPI\\tests\\performance.test.js:130:17)\n    at processTicksAndRejections (node:internal/process/task_queues:105:5)"],"fullName":"Performance Tests Concurrent Request Tests should handle 20 concurrent employee list requests","invocations":1,"location":null,"numPassingAsserts":0,"retryReasons":[],"status":"failed","title":"should handle 20 concurrent employee list requests"},{"ancestorTitles":["Performance Tests","Concurrent Request Tests"],"duration":317,"failureDetails":[{"matcherResult":{"message":"\u001b[2mexpect(\u001b[22m\u001b[31mreceived\u001b[39m\u001b[2m).\u001b[22mtoBeGreaterThan\u001b[2m(\u001b[22m\u001b[32mexpected\u001b[39m\u001b[2m)\u001b[22m\n\nExpected: > \u001b[32m10\u001b[39m\nReceived:   \u001b[31m0\u001b[39m","pass":false}}],"failureMessages":["Error: \u001b[2mexpect(\u001b[22m\u001b[31mreceived\u001b[39m\u001b[2m).\u001b[22mtoBeGreaterThan\u001b[2m(\u001b[22m\u001b[32mexpected\u001b[39m\u001b[2m)\u001b[22m\n\nExpected: > \u001b[32m10\u001b[39m\nReceived:   \u001b[31m0\u001b[39m\n    at Object.toBeGreaterThan (C:\\Users\\user\\OneDrive\\Desktop\\Projects\\AttendanceAPI\\tests\\performance.test.js:161:42)\n    at processTicksAndRejections (node:internal/process/task_queues:105:5)"],"fullName":"Performance Tests Concurrent Request Tests should handle 15 concurrent attendance marking requests","invocations":1,"location":null,"numPassingAsserts":0,"retryReasons":[],"status":"failed","title":"should handle 15 concurrent attendance marking requests"},{"ancestorTitles":["Performance Tests","Load Tests"],"duration":722,"failureDetails":[],"failureMessages":[],"fullName":"Performance Tests Load Tests should handle high volume of health checks","invocations":1,"location":null,"numPassingAsserts":2,"retryReasons":[],"status":"passed","title":"should handle high volume of health checks"},{"ancestorTitles":["Performance Tests","Load Tests"],"duration":1551,"failureDetails":[{"matcherResult":{"message":"\u001b[2mexpect(\u001b[22m\u001b[31mreceived\u001b[39m\u001b[2m).\u001b[22mtoBeGreaterThanOrEqual\u001b[2m(\u001b[22m\u001b[32mexpected\u001b[39m\u001b[2m)\u001b[22m\n\nExpected: >= \u001b[32m9\u001b[39m\nReceived:    \u001b[31m0\u001b[39m","pass":false}}],"failureMessages":["Error: \u001b[2mexpect(\u001b[22m\u001b[31mreceived\u001b[39m\u001b[2m).\u001b[22mtoBeGreaterThanOrEqual\u001b[2m(\u001b[22m\u001b[32mexpected\u001b[39m\u001b[2m)\u001b[22m\n\nExpected: >= \u001b[32m9\u001b[39m\nReceived:    \u001b[31m0\u001b[39m\n    at toBeGreaterThanOrEqual (C:\\Users\\user\\OneDrive\\Desktop\\Projects\\AttendanceAPI\\tests\\performance.test.js:223:37)\n    at Array.forEach (<anonymous>)\n    at Object.forEach (C:\\Users\\user\\OneDrive\\Desktop\\Projects\\AttendanceAPI\\tests\\performance.test.js:222:15)"],"fullName":"Performance Tests Load Tests should maintain performance under sustained load","invocations":1,"location":null,"numPassingAsserts":0,"retryReasons":[],"status":"failed","title":"should maintain performance under sustained load"},{"ancestorTitles":["Performance Tests","Memory and Resource Tests"],"duration":1754,"failureDetails":[],"failureMessages":[],"fullName":"Performance Tests Memory and Resource Tests should not have significant memory leaks during repeated requests","invocations":1,"location":null,"numPassingAsserts":1,"retryReasons":[],"status":"passed","title":"should not have significant memory leaks during repeated requests"},{"ancestorTitles":["Performance Tests","Memory and Resource Tests"],"duration":27,"failureDetails":[{"matcherResult":{"actual":404,"expected":201,"message":"\u001b[2mexpect(\u001b[22m\u001b[31mreceived\u001b[39m\u001b[2m).\u001b[22mtoBe\u001b[2m(\u001b[22m\u001b[32mexpected\u001b[39m\u001b[2m) // Object.is equality\u001b[22m\n\nExpected: \u001b[32m201\u001b[39m\nReceived: \u001b[31m404\u001b[39m","name":"toBe","pass":false}}],"failureMessages":["Error: \u001b[2mexpect(\u001b[22m\u001b[31mreceived\u001b[39m\u001b[2m).\u001b[22mtoBe\u001b[2m(\u001b[22m\u001b[32mexpected\u001b[39m\u001b[2m) // Object.is equality\u001b[22m\n\nExpected: \u001b[32m201\u001b[39m\nReceived: \u001b[31m404\u001b[39m\n    at Object.toBe (C:\\Users\\user\\OneDrive\\Desktop\\Projects\\AttendanceAPI\\tests\\performance.test.js:277:31)\n    at processTicksAndRejections (node:internal/process/task_queues:105:5)"],"fullName":"Performance Tests Memory and Resource Tests should handle large payloads efficiently","invocations":1,"location":null,"numPassingAsserts":0,"retryReasons":[],"status":"failed","title":"should handle large payloads efficiently"},{"ancestorTitles":["Performance Tests","Database Performance Tests"],"duration":401,"failureDetails":[{"matcherResult":{"actual":429,"expected":200,"message":"\u001b[2mexpect(\u001b[22m\u001b[31mreceived\u001b[39m\u001b[2m).\u001b[22mtoBe\u001b[2m(\u001b[22m\u001b[32mexpected\u001b[39m\u001b[2m) // Object.is equality\u001b[22m\n\nExpected: \u001b[32m200\u001b[39m\nReceived: \u001b[31m429\u001b[39m","name":"toBe","pass":false}}],"failureMessages":["Error: \u001b[2mexpect(\u001b[22m\u001b[31mreceived\u001b[39m\u001b[2m).\u001b[22mtoBe\u001b[2m(\u001b[22m\u001b[32mexpected\u001b[39m\u001b[2m) // Object.is equality\u001b[22m\n\nExpected: \u001b[32m200\u001b[39m\nReceived: \u001b[31m429\u001b[39m\n    at Object.toBe (C:\\Users\\user\\OneDrive\\Desktop\\Projects\\AttendanceAPI\\tests\\performance.test.js:311:31)\n    at processTicksAndRejections (node:internal/process/task_queues:105:5)"],"fullName":"Performance Tests Database Performance Tests should handle database queries efficiently","invocations":1,"location":null,"numPassingAsserts":0,"retryReasons":[],"status":"failed","title":"should handle database queries efficiently"},{"ancestorTitles":["Performance Tests","Database Performance Tests"],"duration":54,"failureDetails":[{"matcherResult":{"actual":429,"expected":200,"message":"\u001b[2mexpect(\u001b[22m\u001b[31mreceived\u001b[39m\u001b[2m).\u001b[22mtoBe\u001b[2m(\u001b[22m\u001b[32mexpected\u001b[39m\u001b[2m) // Object.is equality\u001b[22m\n\nExpected: \u001b[32m200\u001b[39m\nReceived: \u001b[31m429\u001b[39m","name":"toBe","pass":false}}],"failureMessages":["Error: \u001b[2mexpect(\u001b[22m\u001b[31mreceived\u001b[39m\u001b[2m).\u001b[22mtoBe\u001b[2m(\u001b[22m\u001b[32mexpected\u001b[39m\u001b[2m) // Object.is equality\u001b[22m\n\nExpected: \u001b[32m200\u001b[39m\nReceived: \u001b[31m429\u001b[39m\n    at Object.toBe (C:\\Users\\user\\OneDrive\\Desktop\\Projects\\AttendanceAPI\\tests\\performance.test.js:325:31)\n    at processTicksAndRejections (node:internal/process/task_queues:105:5)"],"fullName":"Performance Tests Database Performance Tests should handle search queries efficiently","invocations":1,"location":null,"numPassingAsserts":0,"retryReasons":[],"status":"failed","title":"should handle search queries efficiently"}],"endTime":1750340364714,"message":"\u001b[1m\u001b[31m  \u001b[1m● \u001b[22m\u001b[1mPerformance Tests › Response Time Tests › should respond to employee list within 200ms\u001b[39m\u001b[22m\n\n    \u001b[2mexpect(\u001b[22m\u001b[31mreceived\u001b[39m\u001b[2m).\u001b[22mtoBe\u001b[2m(\u001b[22m\u001b[32mexpected\u001b[39m\u001b[2m) // Object.is equality\u001b[22m\n\n    Expected: \u001b[32m200\u001b[39m\n    Received: \u001b[31m404\u001b[39m\n\u001b[2m\u001b[22m\n\u001b[2m    \u001b[0m \u001b[90m 60 |\u001b[39m       \u001b[36mconst\u001b[39m responseTime \u001b[33m=\u001b[39m \u001b[33mDate\u001b[39m\u001b[33m.\u001b[39mnow() \u001b[33m-\u001b[39m startTime\u001b[33m;\u001b[39m\u001b[22m\n\u001b[2m     \u001b[90m 61 |\u001b[39m\u001b[22m\n\u001b[2m    \u001b[31m\u001b[1m>\u001b[22m\u001b[2m\u001b[39m\u001b[90m 62 |\u001b[39m       expect(response\u001b[33m.\u001b[39mstatus)\u001b[33m.\u001b[39mtoBe(\u001b[35m200\u001b[39m)\u001b[33m;\u001b[39m\u001b[22m\n\u001b[2m     \u001b[90m    |\u001b[39m                               \u001b[31m\u001b[1m^\u001b[22m\u001b[2m\u001b[39m\u001b[22m\n\u001b[2m     \u001b[90m 63 |\u001b[39m       expect(responseTime)\u001b[33m.\u001b[39mtoBeLessThan(\u001b[35m200\u001b[39m)\u001b[33m;\u001b[39m\u001b[22m\n\u001b[2m     \u001b[90m 64 |\u001b[39m     })\u001b[33m;\u001b[39m\u001b[22m\n\u001b[2m     \u001b[90m 65 |\u001b[39m\u001b[0m\u001b[22m\n\u001b[2m\u001b[22m\n\u001b[2m      \u001b[2mat Object.toBe (\u001b[22m\u001b[2m\u001b[0m\u001b[36mtests/performance.test.js\u001b[39m\u001b[0m\u001b[2m:62:31)\u001b[22m\u001b[2m\u001b[22m\n\n\u001b[1m\u001b[31m  \u001b[1m● \u001b[22m\u001b[1mPerformance Tests › Response Time Tests › should respond to attendance marking within 300ms\u001b[39m\u001b[22m\n\n    \u001b[2mexpect(\u001b[22m\u001b[31mreceived\u001b[39m\u001b[2m).\u001b[22mtoBe\u001b[2m(\u001b[22m\u001b[32mexpected\u001b[39m\u001b[2m) // Object.is equality\u001b[22m\n\n    Expected: \u001b[32m200\u001b[39m\n    Received: \u001b[31m404\u001b[39m\n\u001b[2m\u001b[22m\n\u001b[2m    \u001b[0m \u001b[90m 79 |\u001b[39m       \u001b[36mconst\u001b[39m responseTime \u001b[33m=\u001b[39m \u001b[33mDate\u001b[39m\u001b[33m.\u001b[39mnow() \u001b[33m-\u001b[39m startTime\u001b[33m;\u001b[39m\u001b[22m\n\u001b[2m     \u001b[90m 80 |\u001b[39m\u001b[22m\n\u001b[2m    \u001b[31m\u001b[1m>\u001b[22m\u001b[2m\u001b[39m\u001b[90m 81 |\u001b[39m       expect(response\u001b[33m.\u001b[39mstatus)\u001b[33m.\u001b[39mtoBe(\u001b[35m200\u001b[39m)\u001b[33m;\u001b[39m\u001b[22m\n\u001b[2m     \u001b[90m    |\u001b[39m                               \u001b[31m\u001b[1m^\u001b[22m\u001b[2m\u001b[39m\u001b[22m\n\u001b[2m     \u001b[90m 82 |\u001b[39m       expect(responseTime)\u001b[33m.\u001b[39mtoBeLessThan(\u001b[35m300\u001b[39m)\u001b[33m;\u001b[39m\u001b[22m\n\u001b[2m     \u001b[90m 83 |\u001b[39m     })\u001b[33m;\u001b[39m\u001b[22m\n\u001b[2m     \u001b[90m 84 |\u001b[39m   })\u001b[33m;\u001b[39m\u001b[0m\u001b[22m\n\u001b[2m\u001b[22m\n\u001b[2m      \u001b[2mat Object.toBe (\u001b[22m\u001b[2m\u001b[0m\u001b[36mtests/performance.test.js\u001b[39m\u001b[0m\u001b[2m:81:31)\u001b[22m\u001b[2m\u001b[22m\n\n\u001b[1m\u001b[31m  \u001b[1m● \u001b[22m\u001b[1mPerformance Tests › Concurrent Request Tests › should handle 10 concurrent authentication requests\u001b[39m\u001b[22m\n\n    \u001b[2mexpect(\u001b[22m\u001b[31mreceived\u001b[39m\u001b[2m).\u001b[22mtoBe\u001b[2m(\u001b[22m\u001b[32mexpected\u001b[39m\u001b[2m) // Object.is equality\u001b[22m\n\n    Expected: \u001b[32m200\u001b[39m\n    Received: \u001b[31m429\u001b[39m\n\u001b[2m\u001b[22m\n\u001b[2m    \u001b[0m \u001b[90m 105 |\u001b[39m       \u001b[90m// All requests should succeed\u001b[39m\u001b[22m\n\u001b[2m     \u001b[90m 106 |\u001b[39m       responses\u001b[33m.\u001b[39mforEach(response \u001b[33m=>\u001b[39m {\u001b[22m\n\u001b[2m    \u001b[31m\u001b[1m>\u001b[22m\u001b[2m\u001b[39m\u001b[90m 107 |\u001b[39m         expect(response\u001b[33m.\u001b[39mstatus)\u001b[33m.\u001b[39mtoBe(\u001b[35m200\u001b[39m)\u001b[33m;\u001b[39m\u001b[22m\n\u001b[2m     \u001b[90m     |\u001b[39m                                 \u001b[31m\u001b[1m^\u001b[22m\u001b[2m\u001b[39m\u001b[22m\n\u001b[2m     \u001b[90m 108 |\u001b[39m       })\u001b[33m;\u001b[39m\u001b[22m\n\u001b[2m     \u001b[90m 109 |\u001b[39m\u001b[22m\n\u001b[2m     \u001b[90m 110 |\u001b[39m       \u001b[90m// Should complete within reasonable time\u001b[39m\u001b[0m\u001b[22m\n\u001b[2m\u001b[22m\n\u001b[2m      \u001b[2mat toBe (\u001b[22m\u001b[2m\u001b[0m\u001b[36mtests/performance.test.js\u001b[39m\u001b[0m\u001b[2m:107:33)\u001b[22m\u001b[2m\u001b[22m\n\u001b[2m          at Array.forEach (<anonymous>)\u001b[22m\n\u001b[2m      \u001b[2mat Object.forEach (\u001b[22m\u001b[2m\u001b[0m\u001b[36mtests/performance.test.js\u001b[39m\u001b[0m\u001b[2m:106:17)\u001b[22m\u001b[2m\u001b[22m\n\n\u001b[1m\u001b[31m  \u001b[1m● \u001b[22m\u001b[1mPerformance Tests › Concurrent Request Tests › should handle 20 concurrent employee list requests\u001b[39m\u001b[22m\n\n    \u001b[2mexpect(\u001b[22m\u001b[31mreceived\u001b[39m\u001b[2m).\u001b[22mtoBe\u001b[2m(\u001b[22m\u001b[32mexpected\u001b[39m\u001b[2m) // Object.is equality\u001b[22m\n\n    Expected: \u001b[32m200\u001b[39m\n    Received: \u001b[31m404\u001b[39m\n\u001b[2m\u001b[22m\n\u001b[2m    \u001b[0m \u001b[90m 129 |\u001b[39m       \u001b[90m// All requests should succeed\u001b[39m\u001b[22m\n\u001b[2m     \u001b[90m 130 |\u001b[39m       responses\u001b[33m.\u001b[39mforEach(response \u001b[33m=>\u001b[39m {\u001b[22m\n\u001b[2m    \u001b[31m\u001b[1m>\u001b[22m\u001b[2m\u001b[39m\u001b[90m 131 |\u001b[39m         expect(response\u001b[33m.\u001b[39mstatus)\u001b[33m.\u001b[39mtoBe(\u001b[35m200\u001b[39m)\u001b[33m;\u001b[39m\u001b[22m\n\u001b[2m     \u001b[90m     |\u001b[39m                                 \u001b[31m\u001b[1m^\u001b[22m\u001b[2m\u001b[39m\u001b[22m\n\u001b[2m     \u001b[90m 132 |\u001b[39m       })\u001b[33m;\u001b[39m\u001b[22m\n\u001b[2m     \u001b[90m 133 |\u001b[39m\u001b[22m\n\u001b[2m     \u001b[90m 134 |\u001b[39m       \u001b[90m// Should complete within reasonable time\u001b[39m\u001b[0m\u001b[22m\n\u001b[2m\u001b[22m\n\u001b[2m      \u001b[2mat toBe (\u001b[22m\u001b[2m\u001b[0m\u001b[36mtests/performance.test.js\u001b[39m\u001b[0m\u001b[2m:131:33)\u001b[22m\u001b[2m\u001b[22m\n\u001b[2m          at Array.forEach (<anonymous>)\u001b[22m\n\u001b[2m      \u001b[2mat Object.forEach (\u001b[22m\u001b[2m\u001b[0m\u001b[36mtests/performance.test.js\u001b[39m\u001b[0m\u001b[2m:130:17)\u001b[22m\u001b[2m\u001b[22m\n\n\u001b[1m\u001b[31m  \u001b[1m● \u001b[22m\u001b[1mPerformance Tests › Concurrent Request Tests › should handle 15 concurrent attendance marking requests\u001b[39m\u001b[22m\n\n    \u001b[2mexpect(\u001b[22m\u001b[31mreceived\u001b[39m\u001b[2m).\u001b[22mtoBeGreaterThan\u001b[2m(\u001b[22m\u001b[32mexpected\u001b[39m\u001b[2m)\u001b[22m\n\n    Expected: > \u001b[32m10\u001b[39m\n    Received:   \u001b[31m0\u001b[39m\n\u001b[2m\u001b[22m\n\u001b[2m    \u001b[0m \u001b[90m 159 |\u001b[39m       \u001b[90m// Most requests should succeed (some might fail due to business logic)\u001b[39m\u001b[22m\n\u001b[2m     \u001b[90m 160 |\u001b[39m       \u001b[36mconst\u001b[39m successfulResponses \u001b[33m=\u001b[39m responses\u001b[33m.\u001b[39mfilter(r \u001b[33m=>\u001b[39m r\u001b[33m.\u001b[39mstatus \u001b[33m===\u001b[39m \u001b[35m200\u001b[39m)\u001b[33m;\u001b[39m\u001b[22m\n\u001b[2m    \u001b[31m\u001b[1m>\u001b[22m\u001b[2m\u001b[39m\u001b[90m 161 |\u001b[39m       expect(successfulResponses\u001b[33m.\u001b[39mlength)\u001b[33m.\u001b[39mtoBeGreaterThan(\u001b[35m10\u001b[39m)\u001b[33m;\u001b[39m\u001b[22m\n\u001b[2m     \u001b[90m     |\u001b[39m                                          \u001b[31m\u001b[1m^\u001b[22m\u001b[2m\u001b[39m\u001b[22m\n\u001b[2m     \u001b[90m 162 |\u001b[39m\u001b[22m\n\u001b[2m     \u001b[90m 163 |\u001b[39m       \u001b[90m// Should complete within reasonable time\u001b[39m\u001b[22m\n\u001b[2m     \u001b[90m 164 |\u001b[39m       expect(totalTime)\u001b[33m.\u001b[39mtoBeLessThan(\u001b[35m5000\u001b[39m)\u001b[33m;\u001b[39m\u001b[0m\u001b[22m\n\u001b[2m\u001b[22m\n\u001b[2m      \u001b[2mat Object.toBeGreaterThan (\u001b[22m\u001b[2m\u001b[0m\u001b[36mtests/performance.test.js\u001b[39m\u001b[0m\u001b[2m:161:42)\u001b[22m\u001b[2m\u001b[22m\n\n\u001b[1m\u001b[31m  \u001b[1m● \u001b[22m\u001b[1mPerformance Tests › Load Tests › should maintain performance under sustained load\u001b[39m\u001b[22m\n\n    \u001b[2mexpect(\u001b[22m\u001b[31mreceived\u001b[39m\u001b[2m).\u001b[22mtoBeGreaterThanOrEqual\u001b[2m(\u001b[22m\u001b[32mexpected\u001b[39m\u001b[2m)\u001b[22m\n\n    Expected: >= \u001b[32m9\u001b[39m\n    Received:    \u001b[31m0\u001b[39m\n\u001b[2m\u001b[22m\n\u001b[2m    \u001b[0m \u001b[90m 221 |\u001b[39m       \u001b[90m// All batches should have high success rate\u001b[39m\u001b[22m\n\u001b[2m     \u001b[90m 222 |\u001b[39m       results\u001b[33m.\u001b[39mforEach(result \u001b[33m=>\u001b[39m {\u001b[22m\n\u001b[2m    \u001b[31m\u001b[1m>\u001b[22m\u001b[2m\u001b[39m\u001b[90m 223 |\u001b[39m         expect(result\u001b[33m.\u001b[39msuccessCount)\u001b[33m.\u001b[39mtoBeGreaterThanOrEqual(batchSize \u001b[33m*\u001b[39m \u001b[35m0.9\u001b[39m)\u001b[33m;\u001b[39m\u001b[22m\n\u001b[2m     \u001b[90m     |\u001b[39m                                     \u001b[31m\u001b[1m^\u001b[22m\u001b[2m\u001b[39m\u001b[22m\n\u001b[2m     \u001b[90m 224 |\u001b[39m       })\u001b[33m;\u001b[39m\u001b[22m\n\u001b[2m     \u001b[90m 225 |\u001b[39m\u001b[22m\n\u001b[2m     \u001b[90m 226 |\u001b[39m       \u001b[90m// Performance should not degrade significantly\u001b[39m\u001b[0m\u001b[22m\n\u001b[2m\u001b[22m\n\u001b[2m      \u001b[2mat toBeGreaterThanOrEqual (\u001b[22m\u001b[2m\u001b[0m\u001b[36mtests/performance.test.js\u001b[39m\u001b[0m\u001b[2m:223:37)\u001b[22m\u001b[2m\u001b[22m\n\u001b[2m          at Array.forEach (<anonymous>)\u001b[22m\n\u001b[2m      \u001b[2mat Object.forEach (\u001b[22m\u001b[2m\u001b[0m\u001b[36mtests/performance.test.js\u001b[39m\u001b[0m\u001b[2m:222:15)\u001b[22m\u001b[2m\u001b[22m\n\n\u001b[1m\u001b[31m  \u001b[1m● \u001b[22m\u001b[1mPerformance Tests › Memory and Resource Tests › should handle large payloads efficiently\u001b[39m\u001b[22m\n\n    \u001b[2mexpect(\u001b[22m\u001b[31mreceived\u001b[39m\u001b[2m).\u001b[22mtoBe\u001b[2m(\u001b[22m\u001b[32mexpected\u001b[39m\u001b[2m) // Object.is equality\u001b[22m\n\n    Expected: \u001b[32m201\u001b[39m\n    Received: \u001b[31m404\u001b[39m\n\u001b[2m\u001b[22m\n\u001b[2m    \u001b[0m \u001b[90m 275 |\u001b[39m       \u001b[36mconst\u001b[39m responseTime \u001b[33m=\u001b[39m \u001b[33mDate\u001b[39m\u001b[33m.\u001b[39mnow() \u001b[33m-\u001b[39m startTime\u001b[33m;\u001b[39m\u001b[22m\n\u001b[2m     \u001b[90m 276 |\u001b[39m\u001b[22m\n\u001b[2m    \u001b[31m\u001b[1m>\u001b[22m\u001b[2m\u001b[39m\u001b[90m 277 |\u001b[39m       expect(response\u001b[33m.\u001b[39mstatus)\u001b[33m.\u001b[39mtoBe(\u001b[35m201\u001b[39m)\u001b[33m;\u001b[39m\u001b[22m\n\u001b[2m     \u001b[90m     |\u001b[39m                               \u001b[31m\u001b[1m^\u001b[22m\u001b[2m\u001b[39m\u001b[22m\n\u001b[2m     \u001b[90m 278 |\u001b[39m       expect(responseTime)\u001b[33m.\u001b[39mtoBeLessThan(\u001b[35m1000\u001b[39m)\u001b[33m;\u001b[39m \u001b[90m// Should handle large payload within 1 second\u001b[39m\u001b[22m\n\u001b[2m     \u001b[90m 279 |\u001b[39m     })\u001b[33m;\u001b[39m\u001b[22m\n\u001b[2m     \u001b[90m 280 |\u001b[39m   })\u001b[33m;\u001b[39m\u001b[0m\u001b[22m\n\u001b[2m\u001b[22m\n\u001b[2m      \u001b[2mat Object.toBe (\u001b[22m\u001b[2m\u001b[0m\u001b[36mtests/performance.test.js\u001b[39m\u001b[0m\u001b[2m:277:31)\u001b[22m\u001b[2m\u001b[22m\n\n\u001b[1m\u001b[31m  \u001b[1m● \u001b[22m\u001b[1mPerformance Tests › Database Performance Tests › should handle database queries efficiently\u001b[39m\u001b[22m\n\n    \u001b[2mexpect(\u001b[22m\u001b[31mreceived\u001b[39m\u001b[2m).\u001b[22mtoBe\u001b[2m(\u001b[22m\u001b[32mexpected\u001b[39m\u001b[2m) // Object.is equality\u001b[22m\n\n    Expected: \u001b[32m200\u001b[39m\n    Received: \u001b[31m429\u001b[39m\n\u001b[2m\u001b[22m\n\u001b[2m    \u001b[0m \u001b[90m 309 |\u001b[39m       \u001b[36mconst\u001b[39m queryTime \u001b[33m=\u001b[39m \u001b[33mDate\u001b[39m\u001b[33m.\u001b[39mnow() \u001b[33m-\u001b[39m startTime\u001b[33m;\u001b[39m\u001b[22m\n\u001b[2m     \u001b[90m 310 |\u001b[39m\u001b[22m\n\u001b[2m    \u001b[31m\u001b[1m>\u001b[22m\u001b[2m\u001b[39m\u001b[90m 311 |\u001b[39m       expect(response\u001b[33m.\u001b[39mstatus)\u001b[33m.\u001b[39mtoBe(\u001b[35m200\u001b[39m)\u001b[33m;\u001b[39m\u001b[22m\n\u001b[2m     \u001b[90m     |\u001b[39m                               \u001b[31m\u001b[1m^\u001b[22m\u001b[2m\u001b[39m\u001b[22m\n\u001b[2m     \u001b[90m 312 |\u001b[39m       expect(queryTime)\u001b[33m.\u001b[39mtoBeLessThan(\u001b[35m200\u001b[39m)\u001b[33m;\u001b[39m \u001b[90m// Should query efficiently\u001b[39m\u001b[22m\n\u001b[2m     \u001b[90m 313 |\u001b[39m       expect(response\u001b[33m.\u001b[39mbody\u001b[33m.\u001b[39mdata\u001b[33m.\u001b[39memployees\u001b[33m.\u001b[39mlength)\u001b[33m.\u001b[39mtoBeGreaterThan(\u001b[35m15\u001b[39m)\u001b[33m;\u001b[39m\u001b[22m\n\u001b[2m     \u001b[90m 314 |\u001b[39m     })\u001b[33m;\u001b[39m\u001b[0m\u001b[22m\n\u001b[2m\u001b[22m\n\u001b[2m      \u001b[2mat Object.toBe (\u001b[22m\u001b[2m\u001b[0m\u001b[36mtests/performance.test.js\u001b[39m\u001b[0m\u001b[2m:311:31)\u001b[22m\u001b[2m\u001b[22m\n\n\u001b[1m\u001b[31m  \u001b[1m● \u001b[22m\u001b[1mPerformance Tests › Database Performance Tests › should handle search queries efficiently\u001b[39m\u001b[22m\n\n    \u001b[2mexpect(\u001b[22m\u001b[31mreceived\u001b[39m\u001b[2m).\u001b[22mtoBe\u001b[2m(\u001b[22m\u001b[32mexpected\u001b[39m\u001b[2m) // Object.is equality\u001b[22m\n\n    Expected: \u001b[32m200\u001b[39m\n    Received: \u001b[31m429\u001b[39m\n\u001b[2m\u001b[22m\n\u001b[2m    \u001b[0m \u001b[90m 323 |\u001b[39m       \u001b[36mconst\u001b[39m searchTime \u001b[33m=\u001b[39m \u001b[33mDate\u001b[39m\u001b[33m.\u001b[39mnow() \u001b[33m-\u001b[39m startTime\u001b[33m;\u001b[39m\u001b[22m\n\u001b[2m     \u001b[90m 324 |\u001b[39m\u001b[22m\n\u001b[2m    \u001b[31m\u001b[1m>\u001b[22m\u001b[2m\u001b[39m\u001b[90m 325 |\u001b[39m       expect(response\u001b[33m.\u001b[39mstatus)\u001b[33m.\u001b[39mtoBe(\u001b[35m200\u001b[39m)\u001b[33m;\u001b[39m\u001b[22m\n\u001b[2m     \u001b[90m     |\u001b[39m                               \u001b[31m\u001b[1m^\u001b[22m\u001b[2m\u001b[39m\u001b[22m\n\u001b[2m     \u001b[90m 326 |\u001b[39m       expect(searchTime)\u001b[33m.\u001b[39mtoBeLessThan(\u001b[35m300\u001b[39m)\u001b[33m;\u001b[39m \u001b[90m// Search should be fast\u001b[39m\u001b[22m\n\u001b[2m     \u001b[90m 327 |\u001b[39m     })\u001b[33m;\u001b[39m\u001b[22m\n\u001b[2m     \u001b[90m 328 |\u001b[39m   })\u001b[33m;\u001b[39m\u001b[0m\u001b[22m\n\u001b[2m\u001b[22m\n\u001b[2m      \u001b[2mat Object.toBe (\u001b[22m\u001b[2m\u001b[0m\u001b[36mtests/performance.test.js\u001b[39m\u001b[0m\u001b[2m:325:31)\u001b[22m\u001b[2m\u001b[22m\n","name":"C:\\Users\\user\\OneDrive\\Desktop\\Projects\\AttendanceAPI\\tests\\performance.test.js","startTime":1750340357858,"status":"failed","summary":""},{"assertionResults":[{"ancestorTitles":["Devices Endpoints","GET /api/v1/devices"],"duration":34,"failureDetails":[{"matcherResult":{"actual":500,"expected":200,"message":"\u001b[2mexpect(\u001b[22m\u001b[31mreceived\u001b[39m\u001b[2m).\u001b[22mtoBe\u001b[2m(\u001b[22m\u001b[32mexpected\u001b[39m\u001b[2m) // Object.is equality\u001b[22m\n\nExpected: \u001b[32m200\u001b[39m\nReceived: \u001b[31m500\u001b[39m","name":"toBe","pass":false}}],"failureMessages":["Error: \u001b[2mexpect(\u001b[22m\u001b[31mreceived\u001b[39m\u001b[2m).\u001b[22mtoBe\u001b[2m(\u001b[22m\u001b[32mexpected\u001b[39m\u001b[2m) // Object.is equality\u001b[22m\n\nExpected: \u001b[32m200\u001b[39m\nReceived: \u001b[31m500\u001b[39m\n    at Object.toBe (C:\\Users\\user\\OneDrive\\Desktop\\Projects\\AttendanceAPI\\tests\\devices.test.js:30:31)\n    at processTicksAndRejections (node:internal/process/task_queues:105:5)"],"fullName":"Devices Endpoints GET /api/v1/devices should get list of devices with valid token","invocations":1,"location":null,"numPassingAsserts":0,"retryReasons":[],"status":"failed","title":"should get list of devices with valid token"},{"ancestorTitles":["Devices Endpoints","GET /api/v1/devices"],"duration":27,"failureDetails":[{"matcherResult":{"actual":500,"expected":401,"message":"\u001b[2mexpect(\u001b[22m\u001b[31mreceived\u001b[39m\u001b[2m).\u001b[22mtoBe\u001b[2m(\u001b[22m\u001b[32mexpected\u001b[39m\u001b[2m) // Object.is equality\u001b[22m\n\nExpected: \u001b[32m401\u001b[39m\nReceived: \u001b[31m500\u001b[39m","name":"toBe","pass":false}}],"failureMessages":["Error: \u001b[2mexpect(\u001b[22m\u001b[31mreceived\u001b[39m\u001b[2m).\u001b[22mtoBe\u001b[2m(\u001b[22m\u001b[32mexpected\u001b[39m\u001b[2m) // Object.is equality\u001b[22m\n\nExpected: \u001b[32m401\u001b[39m\nReceived: \u001b[31m500\u001b[39m\n    at Object.toBe (C:\\Users\\user\\OneDrive\\Desktop\\Projects\\AttendanceAPI\\tests\\devices.test.js:40:31)\n    at processTicksAndRejections (node:internal/process/task_queues:105:5)"],"fullName":"Devices Endpoints GET /api/v1/devices should fail without authentication","invocations":1,"location":null,"numPassingAsserts":0,"retryReasons":[],"status":"failed","title":"should fail without authentication"},{"ancestorTitles":["Devices Endpoints","GET /api/v1/devices"],"duration":28,"failureDetails":[{"matcherResult":{"actual":500,"expected":200,"message":"\u001b[2mexpect(\u001b[22m\u001b[31mreceived\u001b[39m\u001b[2m).\u001b[22mtoBe\u001b[2m(\u001b[22m\u001b[32mexpected\u001b[39m\u001b[2m) // Object.is equality\u001b[22m\n\nExpected: \u001b[32m200\u001b[39m\nReceived: \u001b[31m500\u001b[39m","name":"toBe","pass":false}}],"failureMessages":["Error: \u001b[2mexpect(\u001b[22m\u001b[31mreceived\u001b[39m\u001b[2m).\u001b[22mtoBe\u001b[2m(\u001b[22m\u001b[32mexpected\u001b[39m\u001b[2m) // Object.is equality\u001b[22m\n\nExpected: \u001b[32m200\u001b[39m\nReceived: \u001b[31m500\u001b[39m\n    at Object.toBe (C:\\Users\\user\\OneDrive\\Desktop\\Projects\\AttendanceAPI\\tests\\devices.test.js:48:31)\n    at processTicksAndRejections (node:internal/process/task_queues:105:5)"],"fullName":"Devices Endpoints GET /api/v1/devices should support filtering by device type","invocations":1,"location":null,"numPassingAsserts":0,"retryReasons":[],"status":"failed","title":"should support filtering by device type"},{"ancestorTitles":["Devices Endpoints","GET /api/v1/devices"],"duration":39,"failureDetails":[{"matcherResult":{"actual":500,"expected":200,"message":"\u001b[2mexpect(\u001b[22m\u001b[31mreceived\u001b[39m\u001b[2m).\u001b[22mtoBe\u001b[2m(\u001b[22m\u001b[32mexpected\u001b[39m\u001b[2m) // Object.is equality\u001b[22m\n\nExpected: \u001b[32m200\u001b[39m\nReceived: \u001b[31m500\u001b[39m","name":"toBe","pass":false}}],"failureMessages":["Error: \u001b[2mexpect(\u001b[22m\u001b[31mreceived\u001b[39m\u001b[2m).\u001b[22mtoBe\u001b[2m(\u001b[22m\u001b[32mexpected\u001b[39m\u001b[2m) // Object.is equality\u001b[22m\n\nExpected: \u001b[32m200\u001b[39m\nReceived: \u001b[31m500\u001b[39m\n    at Object.toBe (C:\\Users\\user\\OneDrive\\Desktop\\Projects\\AttendanceAPI\\tests\\devices.test.js:57:31)\n    at processTicksAndRejections (node:internal/process/task_queues:105:5)"],"fullName":"Devices Endpoints GET /api/v1/devices should support filtering by active status","invocations":1,"location":null,"numPassingAsserts":0,"retryReasons":[],"status":"failed","title":"should support filtering by active status"},{"ancestorTitles":["Devices Endpoints","GET /api/v1/devices/:id"],"duration":31,"failureDetails":[{"matcherResult":{"actual":404,"expected":200,"message":"\u001b[2mexpect(\u001b[22m\u001b[31mreceived\u001b[39m\u001b[2m).\u001b[22mtoBe\u001b[2m(\u001b[22m\u001b[32mexpected\u001b[39m\u001b[2m) // Object.is equality\u001b[22m\n\nExpected: \u001b[32m200\u001b[39m\nReceived: \u001b[31m404\u001b[39m","name":"toBe","pass":false}}],"failureMessages":["Error: \u001b[2mexpect(\u001b[22m\u001b[31mreceived\u001b[39m\u001b[2m).\u001b[22mtoBe\u001b[2m(\u001b[22m\u001b[32mexpected\u001b[39m\u001b[2m) // Object.is equality\u001b[22m\n\nExpected: \u001b[32m200\u001b[39m\nReceived: \u001b[31m404\u001b[39m\n    at Object.toBe (C:\\Users\\user\\OneDrive\\Desktop\\Projects\\AttendanceAPI\\tests\\devices.test.js:68:31)\n    at processTicksAndRejections (node:internal/process/task_queues:105:5)"],"fullName":"Devices Endpoints GET /api/v1/devices/:id should get device details with valid ID","invocations":1,"location":null,"numPassingAsserts":0,"retryReasons":[],"status":"failed","title":"should get device details with valid ID"},{"ancestorTitles":["Devices Endpoints","GET /api/v1/devices/:id"],"duration":26,"failureDetails":[{"matcherResult":{"actual":404,"expected":401,"message":"\u001b[2mexpect(\u001b[22m\u001b[31mreceived\u001b[39m\u001b[2m).\u001b[22mtoBe\u001b[2m(\u001b[22m\u001b[32mexpected\u001b[39m\u001b[2m) // Object.is equality\u001b[22m\n\nExpected: \u001b[32m401\u001b[39m\nReceived: \u001b[31m404\u001b[39m","name":"toBe","pass":false}}],"failureMessages":["Error: \u001b[2mexpect(\u001b[22m\u001b[31mreceived\u001b[39m\u001b[2m).\u001b[22mtoBe\u001b[2m(\u001b[22m\u001b[32mexpected\u001b[39m\u001b[2m) // Object.is equality\u001b[22m\n\nExpected: \u001b[32m401\u001b[39m\nReceived: \u001b[31m404\u001b[39m\n    at Object.toBe (C:\\Users\\user\\OneDrive\\Desktop\\Projects\\AttendanceAPI\\tests\\devices.test.js:80:31)\n    at processTicksAndRejections (node:internal/process/task_queues:105:5)"],"fullName":"Devices Endpoints GET /api/v1/devices/:id should fail without authentication","invocations":1,"location":null,"numPassingAsserts":0,"retryReasons":[],"status":"failed","title":"should fail without authentication"},{"ancestorTitles":["Devices Endpoints","GET /api/v1/devices/:id"],"duration":23,"failureDetails":[{"matcherResult":{"actual":404,"expected":"DEVICE_NOT_FOUND","message":"\u001b[2mexpect(\u001b[22m\u001b[31mreceived\u001b[39m\u001b[2m).\u001b[22mtoBe\u001b[2m(\u001b[22m\u001b[32mexpected\u001b[39m\u001b[2m) // Object.is equality\u001b[22m\n\nExpected: \u001b[32m\"DEVICE_NOT_FOUND\"\u001b[39m\nReceived: \u001b[31m404\u001b[39m","name":"toBe","pass":false}}],"failureMessages":["Error: \u001b[2mexpect(\u001b[22m\u001b[31mreceived\u001b[39m\u001b[2m).\u001b[22mtoBe\u001b[2m(\u001b[22m\u001b[32mexpected\u001b[39m\u001b[2m) // Object.is equality\u001b[22m\n\nExpected: \u001b[32m\"DEVICE_NOT_FOUND\"\u001b[39m\nReceived: \u001b[31m404\u001b[39m\n    at Object.toBe (C:\\Users\\user\\OneDrive\\Desktop\\Projects\\AttendanceAPI\\tests\\devices.test.js:90:40)\n    at processTicksAndRejections (node:internal/process/task_queues:105:5)"],"fullName":"Devices Endpoints GET /api/v1/devices/:id should return 404 for nonexistent device","invocations":1,"location":null,"numPassingAsserts":2,"retryReasons":[],"status":"failed","title":"should return 404 for nonexistent device"},{"ancestorTitles":["Devices Endpoints","POST /api/v1/devices"],"duration":345,"failureDetails":[{"matcherResult":{"actual":400,"expected":201,"message":"\u001b[2mexpect(\u001b[22m\u001b[31mreceived\u001b[39m\u001b[2m).\u001b[22mtoBe\u001b[2m(\u001b[22m\u001b[32mexpected\u001b[39m\u001b[2m) // Object.is equality\u001b[22m\n\nExpected: \u001b[32m201\u001b[39m\nReceived: \u001b[31m400\u001b[39m","name":"toBe","pass":false}}],"failureMessages":["Error: \u001b[2mexpect(\u001b[22m\u001b[31mreceived\u001b[39m\u001b[2m).\u001b[22mtoBe\u001b[2m(\u001b[22m\u001b[32mexpected\u001b[39m\u001b[2m) // Object.is equality\u001b[22m\n\nExpected: \u001b[32m201\u001b[39m\nReceived: \u001b[31m400\u001b[39m\n    at Object.toBe (C:\\Users\\user\\OneDrive\\Desktop\\Projects\\AttendanceAPI\\tests\\devices.test.js:110:31)\n    at processTicksAndRejections (node:internal/process/task_queues:105:5)"],"fullName":"Devices Endpoints POST /api/v1/devices should create device with valid data","invocations":1,"location":null,"numPassingAsserts":0,"retryReasons":[],"status":"failed","title":"should create device with valid data"},{"ancestorTitles":["Devices Endpoints","POST /api/v1/devices"],"duration":292,"failureDetails":[{"matcherResult":{"actual":400,"expected":401,"message":"\u001b[2mexpect(\u001b[22m\u001b[31mreceived\u001b[39m\u001b[2m).\u001b[22mtoBe\u001b[2m(\u001b[22m\u001b[32mexpected\u001b[39m\u001b[2m) // Object.is equality\u001b[22m\n\nExpected: \u001b[32m401\u001b[39m\nReceived: \u001b[31m400\u001b[39m","name":"toBe","pass":false}}],"failureMessages":["Error: \u001b[2mexpect(\u001b[22m\u001b[31mreceived\u001b[39m\u001b[2m).\u001b[22mtoBe\u001b[2m(\u001b[22m\u001b[32mexpected\u001b[39m\u001b[2m) // Object.is equality\u001b[22m\n\nExpected: \u001b[32m401\u001b[39m\nReceived: \u001b[31m400\u001b[39m\n    at Object.toBe (C:\\Users\\user\\OneDrive\\Desktop\\Projects\\AttendanceAPI\\tests\\devices.test.js:127:31)\n    at processTicksAndRejections (node:internal/process/task_queues:105:5)"],"fullName":"Devices Endpoints POST /api/v1/devices should fail without authentication","invocations":1,"location":null,"numPassingAsserts":0,"retryReasons":[],"status":"failed","title":"should fail without authentication"},{"ancestorTitles":["Devices Endpoints","POST /api/v1/devices"],"duration":24,"failureDetails":[{"matcherResult":{"actual":400,"expected":"VALIDATION_ERROR","message":"\u001b[2mexpect(\u001b[22m\u001b[31mreceived\u001b[39m\u001b[2m).\u001b[22mtoBe\u001b[2m(\u001b[22m\u001b[32mexpected\u001b[39m\u001b[2m) // Object.is equality\u001b[22m\n\nExpected: \u001b[32m\"VALIDATION_ERROR\"\u001b[39m\nReceived: \u001b[31m400\u001b[39m","name":"toBe","pass":false}}],"failureMessages":["Error: \u001b[2mexpect(\u001b[22m\u001b[31mreceived\u001b[39m\u001b[2m).\u001b[22mtoBe\u001b[2m(\u001b[22m\u001b[32mexpected\u001b[39m\u001b[2m) // Object.is equality\u001b[22m\n\nExpected: \u001b[32m\"VALIDATION_ERROR\"\u001b[39m\nReceived: \u001b[31m400\u001b[39m\n    at Object.toBe (C:\\Users\\user\\OneDrive\\Desktop\\Projects\\AttendanceAPI\\tests\\devices.test.js:143:40)\n    at processTicksAndRejections (node:internal/process/task_queues:105:5)"],"fullName":"Devices Endpoints POST /api/v1/devices should fail with missing required fields","invocations":1,"location":null,"numPassingAsserts":2,"retryReasons":[],"status":"failed","title":"should fail with missing required fields"},{"ancestorTitles":["Devices Endpoints","POST /api/v1/devices"],"duration":296,"failureDetails":[{"matcherResult":{"actual":400,"expected":409,"message":"\u001b[2mexpect(\u001b[22m\u001b[31mreceived\u001b[39m\u001b[2m).\u001b[22mtoBe\u001b[2m(\u001b[22m\u001b[32mexpected\u001b[39m\u001b[2m) // Object.is equality\u001b[22m\n\nExpected: \u001b[32m409\u001b[39m\nReceived: \u001b[31m400\u001b[39m","name":"toBe","pass":false}}],"failureMessages":["Error: \u001b[2mexpect(\u001b[22m\u001b[31mreceived\u001b[39m\u001b[2m).\u001b[22mtoBe\u001b[2m(\u001b[22m\u001b[32mexpected\u001b[39m\u001b[2m) // Object.is equality\u001b[22m\n\nExpected: \u001b[32m409\u001b[39m\nReceived: \u001b[31m400\u001b[39m\n    at Object.toBe (C:\\Users\\user\\OneDrive\\Desktop\\Projects\\AttendanceAPI\\tests\\devices.test.js:158:31)\n    at processTicksAndRejections (node:internal/process/task_queues:105:5)"],"fullName":"Devices Endpoints POST /api/v1/devices should fail with duplicate username","invocations":1,"location":null,"numPassingAsserts":0,"retryReasons":[],"status":"failed","title":"should fail with duplicate username"},{"ancestorTitles":["Devices Endpoints","POST /api/v1/devices"],"duration":287,"failureDetails":[{"matcherResult":{"actual":400,"expected":"VALIDATION_ERROR","message":"\u001b[2mexpect(\u001b[22m\u001b[31mreceived\u001b[39m\u001b[2m).\u001b[22mtoBe\u001b[2m(\u001b[22m\u001b[32mexpected\u001b[39m\u001b[2m) // Object.is equality\u001b[22m\n\nExpected: \u001b[32m\"VALIDATION_ERROR\"\u001b[39m\nReceived: \u001b[31m400\u001b[39m","name":"toBe","pass":false}}],"failureMessages":["Error: \u001b[2mexpect(\u001b[22m\u001b[31mreceived\u001b[39m\u001b[2m).\u001b[22mtoBe\u001b[2m(\u001b[22m\u001b[32mexpected\u001b[39m\u001b[2m) // Object.is equality\u001b[22m\n\nExpected: \u001b[32m\"VALIDATION_ERROR\"\u001b[39m\nReceived: \u001b[31m400\u001b[39m\n    at Object.toBe (C:\\Users\\user\\OneDrive\\Desktop\\Projects\\AttendanceAPI\\tests\\devices.test.js:177:40)\n    at processTicksAndRejections (node:internal/process/task_queues:105:5)"],"fullName":"Devices Endpoints POST /api/v1/devices should fail with invalid device type","invocations":1,"location":null,"numPassingAsserts":2,"retryReasons":[],"status":"failed","title":"should fail with invalid device type"},{"ancestorTitles":["Devices Endpoints","POST /api/v1/devices"],"duration":280,"failureDetails":[{"matcherResult":{"actual":400,"expected":201,"message":"\u001b[2mexpect(\u001b[22m\u001b[31mreceived\u001b[39m\u001b[2m).\u001b[22mtoBe\u001b[2m(\u001b[22m\u001b[32mexpected\u001b[39m\u001b[2m) // Object.is equality\u001b[22m\n\nExpected: \u001b[32m201\u001b[39m\nReceived: \u001b[31m400\u001b[39m","name":"toBe","pass":false}}],"failureMessages":["Error: \u001b[2mexpect(\u001b[22m\u001b[31mreceived\u001b[39m\u001b[2m).\u001b[22mtoBe\u001b[2m(\u001b[22m\u001b[32mexpected\u001b[39m\u001b[2m) // Object.is equality\u001b[22m\n\nExpected: \u001b[32m201\u001b[39m\nReceived: \u001b[31m400\u001b[39m\n    at Object.toBe (C:\\Users\\user\\OneDrive\\Desktop\\Projects\\AttendanceAPI\\tests\\devices.test.js:192:31)\n    at processTicksAndRejections (node:internal/process/task_queues:105:5)"],"fullName":"Devices Endpoints POST /api/v1/devices should hash password before storing","invocations":1,"location":null,"numPassingAsserts":0,"retryReasons":[],"status":"failed","title":"should hash password before storing"},{"ancestorTitles":["Devices Endpoints","PUT /api/v1/devices/:id"],"duration":19,"failureDetails":[{"matcherResult":{"actual":400,"expected":200,"message":"\u001b[2mexpect(\u001b[22m\u001b[31mreceived\u001b[39m\u001b[2m).\u001b[22mtoBe\u001b[2m(\u001b[22m\u001b[32mexpected\u001b[39m\u001b[2m) // Object.is equality\u001b[22m\n\nExpected: \u001b[32m200\u001b[39m\nReceived: \u001b[31m400\u001b[39m","name":"toBe","pass":false}}],"failureMessages":["Error: \u001b[2mexpect(\u001b[22m\u001b[31mreceived\u001b[39m\u001b[2m).\u001b[22mtoBe\u001b[2m(\u001b[22m\u001b[32mexpected\u001b[39m\u001b[2m) // Object.is equality\u001b[22m\n\nExpected: \u001b[32m200\u001b[39m\nReceived: \u001b[31m400\u001b[39m\n    at Object.toBe (C:\\Users\\user\\OneDrive\\Desktop\\Projects\\AttendanceAPI\\tests\\devices.test.js:212:31)\n    at processTicksAndRejections (node:internal/process/task_queues:105:5)"],"fullName":"Devices Endpoints PUT /api/v1/devices/:id should update device with valid data","invocations":1,"location":null,"numPassingAsserts":0,"retryReasons":[],"status":"failed","title":"should update device with valid data"},{"ancestorTitles":["Devices Endpoints","PUT /api/v1/devices/:id"],"duration":17,"failureDetails":[{"matcherResult":{"actual":400,"expected":401,"message":"\u001b[2mexpect(\u001
[...]
t.toBe (C:\\Users\\user\\OneDrive\\Desktop\\Projects\\AttendanceAPI\\tests\\auth.test.js:230:40)\n    at processTicksAndRejections (node:internal/process/task_queues:105:5)"],"fullName":"Authentication Endpoints GET /api/v1/auth/verify should fail with invalid token","invocations":1,"location":null,"numPassingAsserts":2,"retryReasons":[],"status":"failed","title":"should fail with invalid token"},{"ancestorTitles":["Authentication Endpoints","GET /api/v1/auth/verify"],"duration":24,"failureDetails":[{"matcherResult":{"actual":401,"expected":"NO_TOKEN","message":"\u001b[2mexpect(\u001b[22m\u001b[31mreceived\u001b[39m\u001b[2m).\u001b[22mtoBe\u001b[2m(\u001b[22m\u001b[32mexpected\u001b[39m\u001b[2m) // Object.is equality\u001b[22m\n\nExpected: \u001b[32m\"NO_TOKEN\"\u001b[39m\nReceived: \u001b[31m401\u001b[39m","name":"toBe","pass":false}}],"failureMessages":["Error: \u001b[2mexpect(\u001b[22m\u001b[31mreceived\u001b[39m\u001b[2m).\u001b[22mtoBe\u001b[2m(\u001b[22m\u001b[32mexpected\u001b[39m\u001b[2m) // Object.is equality\u001b[22m\n\nExpected: \u001b[32m\"NO_TOKEN\"\u001b[39m\nReceived: \u001b[31m401\u001b[39m\n    at Object.toBe (C:\\Users\\user\\OneDrive\\Desktop\\Projects\\AttendanceAPI\\tests\\auth.test.js:239:40)\n    at processTicksAndRejections (node:internal/process/task_queues:105:5)"],"fullName":"Authentication Endpoints GET /api/v1/auth/verify should fail with missing token","invocations":1,"location":null,"numPassingAsserts":2,"retryReasons":[],"status":"failed","title":"should fail with missing token"}],"endTime":1750340374552,"message":"\u001b[1m\u001b[31m  \u001b[1m● \u001b[22m\u001b[1mAuthentication Endpoints › POST /api/v1/auth/login › should fail with invalid credentials\u001b[39m\u001b[22m\n\n    \u001b[2mexpect(\u001b[22m\u001b[31mreceived\u001b[39m\u001b[2m).\u001b[22mtoBe\u001b[2m(\u001b[22m\u001b[32mexpected\u001b[39m\u001b[2m) // Object.is equality\u001b[22m\n\n    Expected: \u001b[32m\"INVALID_CREDENTIALS\"\u001b[39m\n    Received: \u001b[31m401\u001b[39m\n\u001b[2m\u001b[22m\n\u001b[2m    \u001b[0m \u001b[90m 49 |\u001b[39m       expect(response\u001b[33m.\u001b[39mstatus)\u001b[33m.\u001b[39mtoBe(\u001b[35m401\u001b[39m)\u001b[33m;\u001b[39m\u001b[22m\n\u001b[2m     \u001b[90m 50 |\u001b[39m       expect(response\u001b[33m.\u001b[39mbody\u001b[33m.\u001b[39mstatus)\u001b[33m.\u001b[39mtoBe(\u001b[32m'error'\u001b[39m)\u001b[33m;\u001b[39m\u001b[22m\n\u001b[2m    \u001b[31m\u001b[1m>\u001b[22m\u001b[2m\u001b[39m\u001b[90m 51 |\u001b[39m       expect(response\u001b[33m.\u001b[39mbody\u001b[33m.\u001b[39merror_code)\u001b[33m.\u001b[39mtoBe(\u001b[32m'INVALID_CREDENTIALS'\u001b[39m)\u001b[33m;\u001b[39m\u001b[22m\n\u001b[2m     \u001b[90m    |\u001b[39m                                        \u001b[31m\u001b[1m^\u001b[22m\u001b[2m\u001b[39m\u001b[22m\n\u001b[2m     \u001b[90m 52 |\u001b[39m     })\u001b[33m;\u001b[39m\u001b[22m\n\u001b[2m     \u001b[90m 53 |\u001b[39m\u001b[22m\n\u001b[2m     \u001b[90m 54 |\u001b[39m     it(\u001b[32m'should fail with missing username'\u001b[39m\u001b[33m,\u001b[39m \u001b[36masync\u001b[39m () \u001b[33m=>\u001b[39m {\u001b[0m\u001b[22m\n\u001b[2m\u001b[22m\n\u001b[2m      \u001b[2mat Object.toBe (\u001b[22m\u001b[2m\u001b[0m\u001b[36mtests/auth.test.js\u001b[39m\u001b[0m\u001b[2m:51:40)\u001b[22m\u001b[2m\u001b[22m\n\n\u001b[1m\u001b[31m  \u001b[1m● \u001b[22m\u001b[1mAuthentication Endpoints › POST /api/v1/auth/login › should fail with missing username\u001b[39m\u001b[22m\n\n    \u001b[2mexpect(\u001b[22m\u001b[31mreceived\u001b[39m\u001b[2m).\u001b[22mtoBe\u001b[2m(\u001b[22m\u001b[32mexpected\u001b[39m\u001b[2m) // Object.is equality\u001b[22m\n\n    Expected: \u001b[32m\"VALIDATION_ERROR\"\u001b[39m\n    Received: \u001b[31m400\u001b[39m\n\u001b[2m\u001b[22m\n\u001b[2m    \u001b[0m \u001b[90m 61 |\u001b[39m       expect(response\u001b[33m.\u001b[39mstatus)\u001b[33m.\u001b[39mtoBe(\u001b[35m400\u001b[39m)\u001b[33m;\u001b[39m\u001b[22m\n\u001b[2m     \u001b[90m 62 |\u001b[39m       expect(response\u001b[33m.\u001b[39mbody\u001b[33m.\u001b[39mstatus)\u001b[33m.\u001b[39mtoBe(\u001b[32m'error'\u001b[39m)\u001b[33m;\u001b[39m\u001b[22m\n\u001b[2m    \u001b[31m\u001b[1m>\u001b[22m\u001b[2m\u001b[39m\u001b[90m 63 |\u001b[39m       expect(response\u001b[33m.\u001b[39mbody\u001b[33m.\u001b[39merror_code)\u001b[33m.\u001b[39mtoBe(\u001b[32m'VALIDATION_ERROR'\u001b[39m)\u001b[33m;\u001b[39m\u001b[22m\n\u001b[2m     \u001b[90m    |\u001b[39m                                        \u001b[31m\u001b[1m^\u001b[22m\u001b[2m\u001b[39m\u001b[22m\n\u001b[2m     \u001b[90m 64 |\u001b[39m     })\u001b[33m;\u001b[39m\u001b[22m\n\u001b[2m     \u001b[90m 65 |\u001b[39m\u001b[22m\n\u001b[2m     \u001b[90m 66 |\u001b[39m     it(\u001b[32m'should fail with missing password'\u001b[39m\u001b[33m,\u001b[39m \u001b[36masync\u001b[39m () \u001b[33m=>\u001b[39m {\u001b[0m\u001b[22m\n\u001b[2m\u001b[22m\n\u001b[2m      \u001b[2mat Object.toBe (\u001b[22m\u001b[2m\u001b[0m\u001b[36mtests/auth.test.js\u001b[39m\u001b[0m\u001b[2m:63:40)\u001b[22m\u001b[2m\u001b[22m\n\n\u001b[1m\u001b[31m  \u001b[1m● \u001b[22m\u001b[1mAuthentication Endpoints › POST /api/v1/auth/login › should fail with missing password\u001b[39m\u001b[22m\n\n    \u001b[2mexpect(\u001b[22m\u001b[31mreceived\u001b[39m\u001b[2m).\u001b[22mtoBe\u001b[2m(\u001b[22m\u001b[32mexpected\u001b[39m\u001b[2m) // Object.is equality\u001b[22m\n\n    Expected: \u001b[32m\"VALIDATION_ERROR\"\u001b[39m\n    Received: \u001b[31m400\u001b[39m\n\u001b[2m\u001b[22m\n\u001b[2m    \u001b[0m \u001b[90m 73 |\u001b[39m       expect(response\u001b[33m.\u001b[39mstatus)\u001b[33m.\u001b[39mtoBe(\u001b[35m400\u001b[39m)\u001b[33m;\u001b[39m\u001b[22m\n\u001b[2m     \u001b[90m 74 |\u001b[39m       expect(response\u001b[33m.\u001b[39mbody\u001b[33m.\u001b[39mstatus)\u001b[33m.\u001b[39mtoBe(\u001b[32m'error'\u001b[39m)\u001b[33m;\u001b[39m\u001b[22m\n\u001b[2m    \u001b[31m\u001b[1m>\u001b[22m\u001b[2m\u001b[39m\u001b[90m 75 |\u001b[39m       expect(response\u001b[33m.\u001b[39mbody\u001b[33m.\u001b[39merror_code)\u001b[33m.\u001b[39mtoBe(\u001b[32m'VALIDATION_ERROR'\u001b[39m)\u001b[33m;\u001b[39m\u001b[22m\n\u001b[2m     \u001b[90m    |\u001b[39m                                        \u001b[31m\u001b[1m^\u001b[22m\u001b[2m\u001b[39m\u001b[22m\n\u001b[2m     \u001b[90m 76 |\u001b[39m     })\u001b[33m;\u001b[39m\u001b[22m\n\u001b[2m     \u001b[90m 77 |\u001b[39m\u001b[22m\n\u001b[2m     \u001b[90m 78 |\u001b[39m     it(\u001b[32m'should fail with short password'\u001b[39m\u001b[33m,\u001b[39m \u001b[36masync\u001b[39m () \u001b[33m=>\u001b[39m {\u001b[0m\u001b[22m\n\u001b[2m\u001b[22m\n\u001b[2m      \u001b[2mat Object.toBe (\u001b[22m\u001b[2m\u001b[0m\u001b[36mtests/auth.test.js\u001b[39m\u001b[0m\u001b[2m:75:40)\u001b[22m\u001b[2m\u001b[22m\n\n\u001b[1m\u001b[31m  \u001b[1m● \u001b[22m\u001b[1mAuthentication Endpoints › POST /api/v1/auth/login › should fail with short password\u001b[39m\u001b[22m\n\n    \u001b[2mexpect(\u001b[22m\u001b[31mreceived\u001b[39m\u001b[2m).\u001b[22mtoBe\u001b[2m(\u001b[22m\u001b[32mexpected\u001b[39m\u001b[2m) // Object.is equality\u001b[22m\n\n    Expected: \u001b[32m\"VALIDATION_ERROR\"\u001b[39m\n    Received: \u001b[31m400\u001b[39m\n\u001b[2m\u001b[22m\n\u001b[2m    \u001b[0m \u001b[90m 86 |\u001b[39m       expect(response\u001b[33m.\u001b[39mstatus)\u001b[33m.\u001b[39mtoBe(\u001b[35m400\u001b[39m)\u001b[33m;\u001b[39m\u001b[22m\n\u001b[2m     \u001b[90m 87 |\u001b[39m       expect(response\u001b[33m.\u001b[39mbody\u001b[33m.\u001b[39mstatus)\u001b[33m.\u001b[39mtoBe(\u001b[32m'error'\u001b[39m)\u001b[33m;\u001b[39m\u001b[22m\n\u001b[2m    \u001b[31m\u001b[1m>\u001b[22m\u001b[2m\u001b[39m\u001b[90m 88 |\u001b[39m       expect(response\u001b[33m.\u001b[39mbody\u001b[33m.\u001b[39merror_code)\u001b[33m.\u001b[39mtoBe(\u001b[32m'VALIDATION_ERROR'\u001b[39m)\u001b[33m;\u001b[39m\u001b[22m\n\u001b[2m     \u001b[90m    |\u001b[39m                                        \u001b[31m\u001b[1m^\u001b[22m\u001b[2m\u001b[39m\u001b[22m\n\u001b[2m     \u001b[90m 89 |\u001b[39m     })\u001b[33m;\u001b[39m\u001b[22m\n\u001b[2m     \u001b[90m 90 |\u001b[39m\u001b[22m\n\u001b[2m     \u001b[90m 91 |\u001b[39m     it(\u001b[32m'should fail with invalid device type'\u001b[39m\u001b[33m,\u001b[39m \u001b[36masync\u001b[39m () \u001b[33m=>\u001b[39m {\u001b[0m\u001b[22m\n\u001b[2m\u001b[22m\n\u001b[2m      \u001b[2mat Object.toBe (\u001b[22m\u001b[2m\u001b[0m\u001b[36mtests/auth.test.js\u001b[39m\u001b[0m\u001b[2m:88:40)\u001b[22m\u001b[2m\u001b[22m\n\n\u001b[1m\u001b[31m  \u001b[1m● \u001b[22m\u001b[1mAuthentication Endpoints › POST /api/v1/auth/login › should fail with invalid device type\u001b[39m\u001b[22m\n\n    \u001b[2mexpect(\u001b[22m\u001b[31mreceived\u001b[39m\u001b[2m).\u001b[22mtoBe\u001b[2m(\u001b[22m\u001b[32mexpected\u001b[39m\u001b[2m) // Object.is equality\u001b[22m\n\n    Expected: \u001b[32m400\u001b[39m\n    Received: \u001b[31m429\u001b[39m\n\u001b[2m\u001b[22m\n\u001b[2m    \u001b[0m \u001b[90m  98 |\u001b[39m         })\u001b[33m;\u001b[39m\u001b[22m\n\u001b[2m     \u001b[90m  99 |\u001b[39m\u001b[22m\n\u001b[2m    \u001b[31m\u001b[1m>\u001b[22m\u001b[2m\u001b[39m\u001b[90m 100 |\u001b[39m       expect(response\u001b[33m.\u001b[39mstatus)\u001b[33m.\u001b[39mtoBe(\u001b[35m400\u001b[39m)\u001b[33m;\u001b[39m\u001b[22m\n\u001b[2m     \u001b[90m     |\u001b[39m                               \u001b[31m\u001b[1m^\u001b[22m\u001b[2m\u001b[39m\u001b[22m\n\u001b[2m     \u001b[90m 101 |\u001b[39m       expect(response\u001b[33m.\u001b[39mbody\u001b[33m.\u001b[39mstatus)\u001b[33m.\u001b[39mtoBe(\u001b[32m'error'\u001b[39m)\u001b[33m;\u001b[39m\u001b[22m\n\u001b[2m     \u001b[90m 102 |\u001b[39m       expect(response\u001b[33m.\u001b[39mbody\u001b[33m.\u001b[39merror_code)\u001b[33m.\u001b[39mtoBe(\u001b[32m'VALIDATION_ERROR'\u001b[39m)\u001b[33m;\u001b[39m\u001b[22m\n\u001b[2m     \u001b[90m 103 |\u001b[39m     })\u001b[33m;\u001b[39m\u001b[0m\u001b[22m\n\u001b[2m\u001b[22m\n\u001b[2m      \u001b[2mat Object.toBe (\u001b[22m\u001b[2m\u001b[0m\u001b[36mtests/auth.test.js\u001b[39m\u001b[0m\u001b[2m:100:31)\u001b[22m\u001b[2m\u001b[22m\n\n\u001b[1m\u001b[31m  \u001b[1m● \u001b[22m\u001b[1mAuthentication Endpoints › POST /api/v1/auth/refresh › should refresh token with valid refresh token\u001b[39m\u001b[22m\n\n    TypeError: Cannot read properties of undefined (reading 'refresh_token')\n\u001b[2m\u001b[22m\n\u001b[2m    \u001b[0m \u001b[90m 133 |\u001b[39m           password\u001b[33m:\u001b[39m \u001b[32m'password123'\u001b[39m\u001b[22m\n\u001b[2m     \u001b[90m 134 |\u001b[39m         })\u001b[33m;\u001b[39m\u001b[22m\n\u001b[2m    \u001b[31m\u001b[1m>\u001b[22m\u001b[2m\u001b[39m\u001b[90m 135 |\u001b[39m       refreshToken \u001b[33m=\u001b[39m loginResponse\u001b[33m.\u001b[39mbody\u001b[33m.\u001b[39mdata\u001b[33m.\u001b[39mrefresh_token\u001b[33m;\u001b[39m\u001b[22m\n\u001b[2m     \u001b[90m     |\u001b[39m                                              \u001b[31m\u001b[1m^\u001b[22m\u001b[2m\u001b[39m\u001b[22m\n\u001b[2m     \u001b[90m 136 |\u001b[39m     })\u001b[33m;\u001b[39m\u001b[22m\n\u001b[2m     \u001b[90m 137 |\u001b[39m\u001b[22m\n\u001b[2m     \u001b[90m 138 |\u001b[39m     it(\u001b[32m'should refresh token with valid refresh token'\u001b[39m\u001b[33m,\u001b[39m \u001b[36masync\u001b[39m () \u001b[33m=>\u001b[39m {\u001b[0m\u001b[22m\n\u001b[2m\u001b[22m\n\u001b[2m      \u001b[2mat Object.refresh_token (\u001b[22m\u001b[2m\u001b[0m\u001b[36mtests/auth.test.js\u001b[39m\u001b[0m\u001b[2m:135:46)\u001b[22m\u001b[2m\u001b[22m\n\n\u001b[1m\u001b[31m  \u001b[1m● \u001b[22m\u001b[1mAuthentication Endpoints › POST /api/v1/auth/refresh › should fail with invalid refresh token\u001b[39m\u001b[22m\n\n    TypeError: Cannot read properties of undefined (reading 'refresh_token')\n\u001b[2m\u001b[22m\n\u001b[2m    \u001b[0m \u001b[90m 133 |\u001b[39m           password\u001b[33m:\u001b[39m \u001b[32m'password123'\u001b[39m\u001b[22m\n\u001b[2m     \u001b[90m 134 |\u001b[39m         })\u001b[33m;\u001b[39m\u001b[22m\n\u001b[2m    \u001b[31m\u001b[1m>\u001b[22m\u001b[2m\u001b[39m\u001b[90m 135 |\u001b[39m       refreshToken \u001b[33m=\u001b[39m loginResponse\u001b[33m.\u001b[39mbody\u001b[33m.\u001b[39mdata\u001b[33m.\u001b[39mrefresh_token\u001b[33m;\u001b[39m\u001b[22m\n\u001b[2m     \u001b[90m     |\u001b[39m                                              \u001b[31m\u001b[1m^\u001b[22m\u001b[2m\u001b[39m\u001b[22m\n\u001b[2m     \u001b[90m 136 |\u001b[39m     })\u001b[33m;\u001b[39m\u001b[22m\n\u001b[2m     \u001b[90m 137 |\u001b[39m\u001b[22m\n\u001b[2m     \u001b[90m 138 |\u001b[39m     it(\u001b[32m'should refresh token with valid refresh token'\u001b[39m\u001b[33m,\u001b[39m \u001b[36masync\u001b[39m () \u001b[33m=>\u001b[39m {\u001b[0m\u001b[22m\n\u001b[2m\u001b[22m\n\u001b[2m      \u001b[2mat Object.refresh_token (\u001b[22m\u001b[2m\u001b[0m\u001b[36mtests/auth.test.js\u001b[39m\u001b[0m\u001b[2m:135:46)\u001b[22m\u001b[2m\u001b[22m\n\n\u001b[1m\u001b[31m  \u001b[1m● \u001b[22m\u001b[1mAuthentication Endpoints › POST /api/v1/auth/refresh › should fail with missing refresh token\u001b[39m\u001b[22m\n\n    TypeError: Cannot read properties of undefined (reading 'refresh_token')\n\u001b[2m\u001b[22m\n\u001b[2m    \u001b[0m \u001b[90m 133 |\u001b[39m           password\u001b[33m:\u001b[39m \u001b[32m'password123'\u001b[39m\u001b[22m\n\u001b[2m     \u001b[90m 134 |\u001b[39m         })\u001b[33m;\u001b[39m\u001b[22m\n\u001b[2m    \u001b[31m\u001b[1m>\u001b[22m\u001b[2m\u001b[39m\u001b[90m 135 |\u001b[39m       refreshToken \u001b[33m=\u001b[39m loginResponse\u001b[33m.\u001b[39mbody\u001b[33m.\u001b[39mdata\u001b[33m.\u001b[39mrefresh_token\u001b[33m;\u001b[39m\u001b[22m\n\u001b[2m     \u001b[90m     |\u001b[39m                                              \u001b[31m\u001b[1m^\u001b[22m\u001b[2m\u001b[39m\u001b[22m\n\u001b[2m     \u001b[90m 136 |\u001b[39m     })\u001b[33m;\u001b[39m\u001b[22m\n\u001b[2m     \u001b[90m 137 |\u001b[39m\u001b[22m\n\u001b[2m     \u001b[90m 138 |\u001b[39m     it(\u001b[32m'should refresh token with valid refresh token'\u001b[39m\u001b[33m,\u001b[39m \u001b[36masync\u001b[39m () \u001b[33m=>\u001b[39m {\u001b[0m\u001b[22m\n\u001b[2m\u001b[22m\n\u001b[2m      \u001b[2mat Object.refresh_token (\u001b[22m\u001b[2m\u001b[0m\u001b[36mtests/auth.test.js\u001b[39m\u001b[0m\u001b[2m:135:46)\u001b[22m\u001b[2m\u001b[22m\n\n\u001b[1m\u001b[31m  \u001b[1m● \u001b[22m\u001b[1mAuthentication Endpoints › GET /api/v1/auth/verify › should verify valid token\u001b[39m\u001b[22m\n\n    \u001b[2mexpect(\u001b[22m\u001b[31mreceived\u001b[39m\u001b[2m).\u001b[22mtoBe\u001b[2m(\u001b[22m\u001b[32mexpected\u001b[39m\u001b[2m) // Object.is equality\u001b[22m\n\n    Expected: \u001b[32m200\u001b[39m\n    Received: \u001b[31m401\u001b[39m\n\u001b[2m\u001b[22m\n\u001b[2m    \u001b[0m \u001b[90m 212 |\u001b[39m         \u001b[33m.\u001b[39m\u001b[36mset\u001b[39m(\u001b[32m'Authorization'\u001b[39m\u001b[33m,\u001b[39m \u001b[32m`Bearer ${token}`\u001b[39m)\u001b[33m;\u001b[39m\u001b[22m\n\u001b[2m     \u001b[90m 213 |\u001b[39m\u001b[22m\n\u001b[2m    \u001b[31m\u001b[1m>\u001b[22m\u001b[2m\u001b[39m\u001b[90m 214 |\u001b[39m       expect(response\u001b[33m.\u001b[39mstatus)\u001b[33m.\u001b[39mtoBe(\u001b[35m200\u001b[39m)\u001b[33m;\u001b[39m\u001b[22m\n\u001b[2m     \u001b[90m     |\u001b[39m                               \u001b[31m\u001b[1m^\u001b[22m\u001b[2m\u001b[39m\u001b[22m\n\u001b[2m     \u001b[90m 215 |\u001b[39m       expect(response\u001b[33m.\u001b[39mbody\u001b[33m.\u001b[39mstatus)\u001b[33m.\u001b[39mtoBe(\u001b[32m'success'\u001b[39m)\u001b[33m;\u001b[39m\u001b[22m\n\u001b[2m     \u001b[90m 216 |\u001b[39m       expect(response\u001b[33m.\u001b[39mbody\u001b[33m.\u001b[39mdata)\u001b[33m.\u001b[39mtoHaveProperty(\u001b[32m'device_id'\u001b[39m)\u001b[33m;\u001b[39m\u001b[22m\n\u001b[2m     \u001b[90m 217 |\u001b[39m       expect(response\u001b[33m.\u001b[39mbody\u001b[33m.\u001b[39mdata)\u001b[33m.\u001b[39mtoHaveProperty(\u001b[32m'device_type'\u001b[39m)\u001b[33m;\u001b[39m\u001b[0m\u001b[22m\n\u001b[2m\u001b[22m\n\u001b[2m      \u001b[2mat Object.toBe (\u001b[22m\u001b[2m\u001b[0m\u001b[36mtests/auth.test.js\u001b[39m\u001b[0m\u001b[2m:214:31)\u001b[22m\u001b[2m\u001b[22m\n\n\u001b[1m\u001b[31m  \u001b[1m● \u001b[22m\u001b[1mAuthentication Endpoints › GET /api/v1/auth/verify › should fail with invalid token\u001b[39m\u001b[22m\n\n    \u001b[2mexpect(\u001b[22m\u001b[31mreceived\u001b[39m\u001b[2m).\u001b[22mtoBe\u001b[2m(\u001b[22m\u001b[32mexpected\u001b[39m\u001b[2m) // Object.is equality\u001b[22m\n\n    Expected: \u001b[32m\"INVALID_TOKEN\"\u001b[39m\n    Received: \u001b[31m401\u001b[39m\n\u001b[2m\u001b[22m\n\u001b[2m    \u001b[0m \u001b[90m 228 |\u001b[39m       expect(response\u001b[33m.\u001b[39mstatus)\u001b[33m.\u001b[39mtoBe(\u001b[35m401\u001b[39m)\u001b[33m;\u001b[39m\u001b[22m\n\u001b[2m     \u001b[90m 229 |\u001b[39m       expect(response\u001b[33m.\u001b[39mbody\u001b[33m.\u001b[39mstatus)\u001b[33m.\u001b[39mtoBe(\u001b[32m'error'\u001b[39m)\u001b[33m;\u001b[39m\u001b[22m\n\u001b[2m    \u001b[31m\u001b[1m>\u001b[22m\u001b[2m\u001b[39m\u001b[90m 230 |\u001b[39m       expect(response\u001b[33m.\u001b[39mbody\u001b[33m.\u001b[39merror_code)\u001b[33m.\u001b[39mtoBe(\u001b[32m'INVALID_TOKEN'\u001b[39m)\u001b[33m;\u001b[39m\u001b[22m\n\u001b[2m     \u001b[90m     |\u001b[39m                                        \u001b[31m\u001b[1m^\u001b[22m\u001b[2m\u001b[39m\u001b[22m\n\u001b[2m     \u001b[90m 231 |\u001b[39m     })\u001b[33m;\u001b[39m\u001b[22m\n\u001b[2m     \u001b[90m 232 |\u001b[39m\u001b[22m\n\u001b[2m     \u001b[90m 233 |\u001b[39m     it(\u001b[32m'should fail with missing token'\u001b[39m\u001b[33m,\u001b[39m \u001b[36masync\u001b[39m () \u001b[33m=>\u001b[39m {\u001b[0m\u001b[22m\n\u001b[2m\u001b[22m\n\u001b[2m      \u001b[2mat Object.toBe (\u001b[22m\u001b[2m\u001b[0m\u001b[36mtests/auth.test.js\u001b[39m\u001b[0m\u001b[2m:230:40)\u001b[22m\u001b[2m\u001b[22m\n\n\u001b[1m\u001b[31m  \u001b[1m● \u001b[22m\u001b[1mAuthentication Endpoints › GET /api/v1/auth/verify › should fail with missing token\u001b[39m\u001b[22m\n\n    \u001b[2mexpect(\u001b[22m\u001b[31mreceived\u001b[39m\u001b[2m).\u001b[22mtoBe\u001b[2m(\u001b[22m\u001b[32mexpected\u001b[39m\u001b[2m) // Object.is equality\u001b[22m\n\n    Expected: \u001b[32m\"NO_TOKEN\"\u001b[39m\n    Received: \u001b[31m401\u001b[39m\n\u001b[2m\u001b[22m\n\u001b[2m    \u001b[0m \u001b[90m 237 |\u001b[39m       expect(response\u001b[33m.\u001b[39mstatus)\u001b[33m.\u001b[39mtoBe(\u001b[35m401\u001b[39m)\u001b[33m;\u001b[39m\u001b[22m\n\u001b[2m     \u001b[90m 238 |\u001b[39m       expect(response\u001b[33m.\u001b[39mbody\u001b[33m.\u001b[39mstatus)\u001b[33m.\u001b[39mtoBe(\u001b[32m'error'\u001b[39m)\u001b[33m;\u001b[39m\u001b[22m\n\u001b[2m    \u001b[31m\u001b[1m>\u001b[22m\u001b[2m\u001b[39m\u001b[90m 239 |\u001b[39m       expect(response\u001b[33m.\u001b[39mbody\u001b[33m.\u001b[39merror_code)\u001b[33m.\u001b[39mtoBe(\u001b[32m'NO_TOKEN'\u001b[39m)\u001b[33m;\u001b[39m\u001b[22m\n\u001b[2m     \u001b[90m     |\u001b[39m                                        \u001b[31m\u001b[1m^\u001b[22m\u001b[2m\u001b[39m\u001b[22m\n\u001b[2m     \u001b[90m 240 |\u001b[39m     })\u001b[33m;\u001b[39m\u001b[22m\n\u001b[2m     \u001b[90m 241 |\u001b[39m   })\u001b[33m;\u001b[39m\u001b[22m\n\u001b[2m     \u001b[90m 242 |\u001b[39m })\u001b[33m;\u001b[39m\u001b[0m\u001b[22m\n\u001b[2m\u001b[22m\n\u001b[2m      \u001b[2mat Object.toBe (\u001b[22m\u001b[2m\u001b[0m\u001b[36mtests/auth.test.js\u001b[39m\u001b[0m\u001b[2m:239:40)\u001b[22m\u001b[2m\u001b[22m\n","name":"C:\\Users\\user\\OneDrive\\Desktop\\Projects\\AttendanceAPI\\tests\\auth.test.js","startTime":1750340373296,"status":"failed","summary":""}],"wasInterrupted":false}
